2024-05-30T23:59:39.572Z [Modules] Modules initializing
2024-05-30T23:59:39.572Z [Modules] Distribution: remote
2024-05-30T23:59:39.572Z [Modules] Host updates: enabled
2024-05-30T23:59:39.572Z [Modules] Module updates: enabled
2024-05-30T23:59:39.573Z [Modules] Module install path: /home/meap/.config/discord/0.0.54/modules
2024-05-30T23:59:39.573Z [Modules] Module installed file path: /home/meap/.config/discord/0.0.54/modules/installed.json
2024-05-30T23:59:39.573Z [Modules] Module download path: /home/meap/.config/discord/0.0.54/modules/pending
2024-05-30T23:59:39.773Z [Modules] Bootstrapping...
2024-05-30T23:59:39.773Z [Modules] Installing discord_desktop_core@0 from /opt/discord/resources/bootstrap/discord_desktop_core.zip
2024-05-30T23:59:39.775Z [Modules] Failed installing discord_desktop_core@0: Error: ENOENT: no such file or directory, open '/opt/discord/resources/bootstrap/discord_desktop_core.zip'
2024-05-30T23:59:39.776Z [Modules] Installing discord_erlpack@0 from /opt/discord/resources/bootstrap/discord_erlpack.zip
2024-05-30T23:59:39.778Z [Modules] Failed installing discord_erlpack@0: Error: ENOENT: no such file or directory, open '/opt/discord/resources/bootstrap/discord_erlpack.zip'
2024-05-30T23:59:39.778Z [Modules] Installing discord_spellcheck@0 from /opt/discord/resources/bootstrap/discord_spellcheck.zip
2024-05-30T23:59:39.779Z [Modules] Failed installing discord_spellcheck@0: Error: ENOENT: no such file or directory, open '/opt/discord/resources/bootstrap/discord_spellcheck.zip'
2024-05-30T23:59:39.779Z [Modules] Installing discord_utils@0 from /opt/discord/resources/bootstrap/discord_utils.zip
2024-05-30T23:59:39.780Z [Modules] Failed installing discord_utils@0: Error: ENOENT: no such file or directory, open '/opt/discord/resources/bootstrap/discord_utils.zip'
2024-05-30T23:59:39.780Z [Modules] Installing discord_voice@0 from /opt/discord/resources/bootstrap/discord_voice.zip
2024-05-30T23:59:39.781Z [Modules] Failed installing discord_voice@0: Error: ENOENT: no such file or directory, open '/opt/discord/resources/bootstrap/discord_voice.zip'
2024-05-30T23:59:39.781Z [Modules] Installing discord_zstd@0 from /opt/discord/resources/bootstrap/discord_zstd.zip
2024-05-30T23:59:39.781Z [Modules] Failed installing discord_zstd@0: Error: ENOENT: no such file or directory, open '/opt/discord/resources/bootstrap/discord_zstd.zip'
2024-05-30T23:59:39.781Z [Modules] Finished module installations. [success: 0] [failure: 6]
2024-05-30T23:59:39.782Z [Modules] Checking for host updates.
2024-05-30T23:59:40.207Z [Modules] Host is up to date.
2024-05-30T23:59:40.207Z [Modules] Checking for module updates at https://discord.com/api/modules/stable/versions.json
2024-05-30T23:59:40.259Z [Modules] Module update available: discord_desktop_core@1 [installed: 0]
2024-05-30T23:59:40.259Z [Modules] Module update available: discord_erlpack@1 [installed: 0]
2024-05-30T23:59:40.259Z [Modules] Module update available: discord_spellcheck@1 [installed: 0]
2024-05-30T23:59:40.259Z [Modules] Module update available: discord_utils@1 [installed: 0]
2024-05-30T23:59:40.259Z [Modules] Module update available: discord_voice@3 [installed: 0]
2024-05-30T23:59:40.259Z [Modules] Module update available: discord_zstd@1 [installed: 0]
2024-05-30T23:59:40.260Z [Modules] Fetching discord_desktop_core@1 from https://discord.com/api/modules/stable/discord_desktop_core/1
2024-05-30T23:59:40.260Z [Modules] Streaming discord_desktop_core@1 to /home/meap/.config/discord/0.0.54/modules/pending/discord_desktop_core-1.zip
2024-05-30T23:59:40.721Z [Modules] Streaming discord_desktop_core@1 to /home/meap/.config/discord/0.0.54/modules/pending/discord_desktop_core-1.zip: 1%
2024-05-30T23:59:40.740Z [Modules] Streaming discord_desktop_core@1 to /home/meap/.config/discord/0.0.54/modules/pending/discord_desktop_core-1.zip: 2%
2024-05-30T23:59:40.751Z [Modules] Streaming discord_desktop_core@1 to /home/meap/.config/discord/0.0.54/modules/pending/discord_desktop_core-1.zip: 3%
2024-05-30T23:59:40.758Z [Modules] Streaming discord_desktop_core@1 to /home/meap/.config/discord/0.0.54/modules/pending/discord_desktop_core-1.zip: 4%
2024-05-30T23:59:40.768Z [Modules] Streaming discord_desktop_core@1 to /home/meap/.config/discord/0.0.54/modules/pending/discord_desktop_core-1.zip: 5%
2024-05-30T23:59:40.773Z [Modules] Streaming discord_desktop_core@1 to /home/meap/.config/discord/0.0.54/modules/pending/discord_desktop_core-1.zip: 6%
2024-05-30T23:59:40.782Z [Modules] Streaming discord_desktop_core@1 to /home/meap/.config/discord/0.0.54/modules/pending/discord_desktop_core-1.zip: 8%
2024-05-30T23:59:40.785Z [Modules] Streaming discord_desktop_core@1 to /home/meap/.config/discord/0.0.54/modules/pending/discord_desktop_core-1.zip: 9%
2024-05-30T23:59:40.790Z [Modules] Streaming discord_desktop_core@1 to /home/meap/.config/discord/0.0.54/modules/pending/discord_desktop_core-1.zip: 11%
2024-05-30T23:59:40.795Z [Modules] Streaming discord_desktop_core@1 to /home/meap/.config/discord/0.0.54/modules/pending/discord_desktop_core-1.zip: 12%
2024-05-30T23:59:40.798Z [Modules] Streaming discord_desktop_core@1 to /home/meap/.config/discord/0.0.54/modules/pending/discord_desktop_core-1.zip: 13%
2024-05-30T23:59:40.804Z [Modules] Streaming discord_desktop_core@1 to /home/meap/.config/discord/0.0.54/modules/pending/discord_desktop_core-1.zip: 14%
2024-05-30T23:59:40.805Z [Modules] Streaming discord_desktop_core@1 to /home/meap/.config/discord/0.0.54/modules/pending/discord_desktop_core-1.zip: 15%
2024-05-30T23:59:40.808Z [Modules] Streaming discord_desktop_core@1 to /home/meap/.config/discord/0.0.54/modules/pending/discord_desktop_core-1.zip: 17%
2024-05-30T23:59:40.813Z [Modules] Streaming discord_desktop_core@1 to /home/meap/.config/discord/0.0.54/modules/pending/discord_desktop_core-1.zip: 19%
2024-05-30T23:59:40.820Z [Modules] Streaming discord_desktop_core@1 to /home/meap/.config/discord/0.0.54/modules/pending/discord_desktop_core-1.zip: 22%
2024-05-30T23:59:40.821Z [Modules] Streaming discord_desktop_core@1 to /home/meap/.config/discord/0.0.54/modules/pending/discord_desktop_core-1.zip: 25%
2024-05-30T23:59:40.823Z [Modules] Streaming discord_desktop_core@1 to /home/meap/.config/discord/0.0.54/modules/pending/discord_desktop_core-1.zip: 26%
2024-05-30T23:59:40.827Z [Modules] Streaming discord_desktop_core@1 to /home/meap/.config/discord/0.0.54/modules/pending/discord_desktop_core-1.zip: 29%
2024-05-30T23:59:40.828Z [Modules] Streaming discord_desktop_core@1 to /home/meap/.config/discord/0.0.54/modules/pending/discord_desktop_core-1.zip: 30%
2024-05-30T23:59:40.835Z [Modules] Streaming discord_desktop_core@1 to /home/meap/.config/discord/0.0.54/modules/pending/discord_desktop_core-1.zip: 33%
2024-05-30T23:59:40.836Z [Modules] Streaming discord_desktop_core@1 to /home/meap/.config/discord/0.0.54/modules/pending/discord_desktop_core-1.zip: 37%
2024-05-30T23:59:40.839Z [Modules] Streaming discord_desktop_core@1 to /home/meap/.config/discord/0.0.54/modules/pending/discord_desktop_core-1.zip: 38%
2024-05-30T23:59:40.843Z [Modules] Streaming discord_desktop_core@1 to /home/meap/.config/discord/0.0.54/modules/pending/discord_desktop_core-1.zip: 41%
2024-05-30T23:59:40.845Z [Modules] Streaming discord_desktop_core@1 to /home/meap/.config/discord/0.0.54/modules/pending/discord_desktop_core-1.zip: 43%
2024-05-30T23:59:40.850Z [Modules] Streaming discord_desktop_core@1 to /home/meap/.config/discord/0.0.54/modules/pending/discord_desktop_core-1.zip: 46%
2024-05-30T23:59:40.851Z [Modules] Streaming discord_desktop_core@1 to /home/meap/.config/discord/0.0.54/modules/pending/discord_desktop_core-1.zip: 48%
2024-05-30T23:59:40.851Z [Modules] Streaming discord_desktop_core@1 to /home/meap/.config/discord/0.0.54/modules/pending/discord_desktop_core-1.zip: 51%
2024-05-30T23:59:40.852Z [Modules] Streaming discord_desktop_core@1 to /home/meap/.config/discord/0.0.54/modules/pending/discord_desktop_core-1.zip: 54%
2024-05-30T23:59:40.853Z [Modules] Streaming discord_desktop_core@1 to /home/meap/.config/discord/0.0.54/modules/pending/discord_desktop_core-1.zip: 55%
2024-05-30T23:59:40.861Z [Modules] Streaming discord_desktop_core@1 to /home/meap/.config/discord/0.0.54/modules/pending/discord_desktop_core-1.zip: 58%
2024-05-30T23:59:40.862Z [Modules] Streaming discord_desktop_core@1 to /home/meap/.config/discord/0.0.54/modules/pending/discord_desktop_core-1.zip: 64%
2024-05-30T23:59:40.866Z [Modules] Streaming discord_desktop_core@1 to /home/meap/.config/discord/0.0.54/modules/pending/discord_desktop_core-1.zip: 67%
2024-05-30T23:59:40.866Z [Modules] Streaming discord_desktop_core@1 to /home/meap/.config/discord/0.0.54/modules/pending/discord_desktop_core-1.zip: 70%
2024-05-30T23:59:40.868Z [Modules] Streaming discord_desktop_core@1 to /home/meap/.config/discord/0.0.54/modules/pending/discord_desktop_core-1.zip: 71%
2024-05-30T23:59:40.871Z [Modules] Streaming discord_desktop_core@1 to /home/meap/.config/discord/0.0.54/modules/pending/discord_desktop_core-1.zip: 74%
2024-05-30T23:59:40.873Z [Modules] Streaming discord_desktop_core@1 to /home/meap/.config/discord/0.0.54/modules/pending/discord_desktop_core-1.zip: 75%
2024-05-30T23:59:40.881Z [Modules] Streaming discord_desktop_core@1 to /home/meap/.config/discord/0.0.54/modules/pending/discord_desktop_core-1.zip: 77%
2024-05-30T23:59:40.882Z [Modules] Streaming discord_desktop_core@1 to /home/meap/.config/discord/0.0.54/modules/pending/discord_desktop_core-1.zip: 80%
2024-05-30T23:59:40.883Z [Modules] Streaming discord_desktop_core@1 to /home/meap/.config/discord/0.0.54/modules/pending/discord_desktop_core-1.zip: 83%
2024-05-30T23:59:40.884Z [Modules] Streaming discord_desktop_core@1 to /home/meap/.config/discord/0.0.54/modules/pending/discord_desktop_core-1.zip: 84%
2024-05-30T23:59:40.887Z [Modules] Streaming discord_desktop_core@1 to /home/meap/.config/discord/0.0.54/modules/pending/discord_desktop_core-1.zip: 87%
2024-05-30T23:59:40.888Z [Modules] Streaming discord_desktop_core@1 to /home/meap/.config/discord/0.0.54/modules/pending/discord_desktop_core-1.zip: 89%
2024-05-30T23:59:40.888Z [Modules] Streaming discord_desktop_core@1 to /home/meap/.config/discord/0.0.54/modules/pending/discord_desktop_core-1.zip: 92%
2024-05-30T23:59:40.889Z [Modules] Streaming discord_desktop_core@1 to /home/meap/.config/discord/0.0.54/modules/pending/discord_desktop_core-1.zip: 94%
2024-05-30T23:59:40.889Z [Modules] Streaming discord_desktop_core@1 to /home/meap/.config/discord/0.0.54/modules/pending/discord_desktop_core-1.zip: 97%
2024-05-30T23:59:40.890Z [Modules] Streaming discord_desktop_core@1 to /home/meap/.config/discord/0.0.54/modules/pending/discord_desktop_core-1.zip: 98%
2024-05-30T23:59:40.890Z [Modules] Streaming discord_desktop_core@1 to /home/meap/.config/discord/0.0.54/modules/pending/discord_desktop_core-1.zip: 100%
2024-05-30T23:59:40.891Z [Modules] Fetching discord_erlpack@1 from https://discord.com/api/modules/stable/discord_erlpack/1
2024-05-30T23:59:40.891Z [Modules] Streaming discord_erlpack@1 to /home/meap/.config/discord/0.0.54/modules/pending/discord_erlpack-1.zip
2024-05-30T23:59:41.068Z [Modules] Streaming discord_erlpack@1 to /home/meap/.config/discord/0.0.54/modules/pending/discord_erlpack-1.zip: 3%
2024-05-30T23:59:41.073Z [Modules] Streaming discord_erlpack@1 to /home/meap/.config/discord/0.0.54/modules/pending/discord_erlpack-1.zip: 4%
2024-05-30T23:59:41.073Z [Modules] Streaming discord_erlpack@1 to /home/meap/.config/discord/0.0.54/modules/pending/discord_erlpack-1.zip: 14%
2024-05-30T23:59:41.074Z [Modules] Streaming discord_erlpack@1 to /home/meap/.config/discord/0.0.54/modules/pending/discord_erlpack-1.zip: 17%
2024-05-30T23:59:41.080Z [Modules] Streaming discord_erlpack@1 to /home/meap/.config/discord/0.0.54/modules/pending/discord_erlpack-1.zip: 21%
2024-05-30T23:59:41.080Z [Modules] Streaming discord_erlpack@1 to /home/meap/.config/discord/0.0.54/modules/pending/discord_erlpack-1.zip: 23%
2024-05-30T23:59:41.081Z [Modules] Streaming discord_erlpack@1 to /home/meap/.config/discord/0.0.54/modules/pending/discord_erlpack-1.zip: 26%
2024-05-30T23:59:41.082Z [Modules] Streaming discord_erlpack@1 to /home/meap/.config/discord/0.0.54/modules/pending/discord_erlpack-1.zip: 30%
2024-05-30T23:59:41.083Z [Modules] Streaming discord_erlpack@1 to /home/meap/.config/discord/0.0.54/modules/pending/discord_erlpack-1.zip: 33%
2024-05-30T23:59:41.084Z [Modules] Streaming discord_erlpack@1 to /home/meap/.config/discord/0.0.54/modules/pending/discord_erlpack-1.zip: 37%
2024-05-30T23:59:41.085Z [Modules] Streaming discord_erlpack@1 to /home/meap/.config/discord/0.0.54/modules/pending/discord_erlpack-1.zip: 40%
2024-05-30T23:59:41.085Z [Modules] Streaming discord_erlpack@1 to /home/meap/.config/discord/0.0.54/modules/pending/discord_erlpack-1.zip: 42%
2024-05-30T23:59:41.086Z [Modules] Streaming discord_erlpack@1 to /home/meap/.config/discord/0.0.54/modules/pending/discord_erlpack-1.zip: 45%
2024-05-30T23:59:41.087Z [Modules] Streaming discord_erlpack@1 to /home/meap/.config/discord/0.0.54/modules/pending/discord_erlpack-1.zip: 48%
2024-05-30T23:59:41.088Z [Modules] Streaming discord_erlpack@1 to /home/meap/.config/discord/0.0.54/modules/pending/discord_erlpack-1.zip: 50%
2024-05-30T23:59:41.089Z [Modules] Streaming discord_erlpack@1 to /home/meap/.config/discord/0.0.54/modules/pending/discord_erlpack-1.zip: 53%
2024-05-30T23:59:41.090Z [Modules] Streaming discord_erlpack@1 to /home/meap/.config/discord/0.0.54/modules/pending/discord_erlpack-1.zip: 57%
2024-05-30T23:59:41.091Z [Modules] Streaming discord_erlpack@1 to /home/meap/.config/discord/0.0.54/modules/pending/discord_erlpack-1.zip: 60%
2024-05-30T23:59:41.091Z [Modules] Streaming discord_erlpack@1 to /home/meap/.config/discord/0.0.54/modules/pending/discord_erlpack-1.zip: 61%
2024-05-30T23:59:41.092Z [Modules] Streaming discord_erlpack@1 to /home/meap/.config/discord/0.0.54/modules/pending/discord_erlpack-1.zip: 64%
2024-05-30T23:59:41.093Z [Modules] Streaming discord_erlpack@1 to /home/meap/.config/discord/0.0.54/modules/pending/discord_erlpack-1.zip: 65%
2024-05-30T23:59:41.094Z [Modules] Streaming discord_erlpack@1 to /home/meap/.config/discord/0.0.54/modules/pending/discord_erlpack-1.zip: 69%
2024-05-30T23:59:41.095Z [Modules] Streaming discord_erlpack@1 to /home/meap/.config/discord/0.0.54/modules/pending/discord_erlpack-1.zip: 72%
2024-05-30T23:59:41.097Z [Modules] Streaming discord_erlpack@1 to /home/meap/.config/discord/0.0.54/modules/pending/discord_erlpack-1.zip: 74%
2024-05-30T23:59:41.118Z [Modules] Streaming discord_erlpack@1 to /home/meap/.config/discord/0.0.54/modules/pending/discord_erlpack-1.zip: 75%
2024-05-30T23:59:41.122Z [Modules] Streaming discord_erlpack@1 to /home/meap/.config/discord/0.0.54/modules/pending/discord_erlpack-1.zip: 78%
2024-05-30T23:59:41.122Z [Modules] Streaming discord_erlpack@1 to /home/meap/.config/discord/0.0.54/modules/pending/discord_erlpack-1.zip: 81%
2024-05-30T23:59:41.123Z [Modules] Streaming discord_erlpack@1 to /home/meap/.config/discord/0.0.54/modules/pending/discord_erlpack-1.zip: 88%
2024-05-30T23:59:41.123Z [Modules] Streaming discord_erlpack@1 to /home/meap/.config/discord/0.0.54/modules/pending/discord_erlpack-1.zip: 91%
2024-05-30T23:59:41.128Z [Modules] Streaming discord_erlpack@1 to /home/meap/.config/discord/0.0.54/modules/pending/discord_erlpack-1.zip: 94%
2024-05-30T23:59:41.129Z [Modules] Streaming discord_erlpack@1 to /home/meap/.config/discord/0.0.54/modules/pending/discord_erlpack-1.zip: 97%
2024-05-30T23:59:41.130Z [Modules] Streaming discord_erlpack@1 to /home/meap/.config/discord/0.0.54/modules/pending/discord_erlpack-1.zip: 100%
2024-05-30T23:59:41.131Z [Modules] Fetching discord_spellcheck@1 from https://discord.com/api/modules/stable/discord_spellcheck/1
2024-05-30T23:59:41.131Z [Modules] Streaming discord_spellcheck@1 to /home/meap/.config/discord/0.0.54/modules/pending/discord_spellcheck-1.zip
2024-05-30T23:59:41.311Z [Modules] Streaming discord_spellcheck@1 to /home/meap/.config/discord/0.0.54/modules/pending/discord_spellcheck-1.zip: 1%
2024-05-30T23:59:41.311Z [Modules] Streaming discord_spellcheck@1 to /home/meap/.config/discord/0.0.54/modules/pending/discord_spellcheck-1.zip: 2%
2024-05-30T23:59:41.319Z [Modules] Streaming discord_spellcheck@1 to /home/meap/.config/discord/0.0.54/modules/pending/discord_spellcheck-1.zip: 3%
2024-05-30T23:59:41.320Z [Modules] Streaming discord_spellcheck@1 to /home/meap/.config/discord/0.0.54/modules/pending/discord_spellcheck-1.zip: 4%
2024-05-30T23:59:41.322Z [Modules] Streaming discord_spellcheck@1 to /home/meap/.config/discord/0.0.54/modules/pending/discord_spellcheck-1.zip: 5%
2024-05-30T23:59:41.322Z [Modules] Streaming discord_spellcheck@1 to /home/meap/.config/discord/0.0.54/modules/pending/discord_spellcheck-1.zip: 6%
2024-05-30T23:59:41.323Z [Modules] Streaming discord_spellcheck@1 to /home/meap/.config/discord/0.0.54/modules/pending/discord_spellcheck-1.zip: 7%
2024-05-30T23:59:41.324Z [Modules] Streaming discord_spellcheck@1 to /home/meap/.config/discord/0.0.54/modules/pending/discord_spellcheck-1.zip: 8%
2024-05-30T23:59:41.328Z [Modules] Streaming discord_spellcheck@1 to /home/meap/.config/discord/0.0.54/modules/pending/discord_spellcheck-1.zip: 9%
2024-05-30T23:59:41.328Z [Modules] Streaming discord_spellcheck@1 to /home/meap/.config/discord/0.0.54/modules/pending/discord_spellcheck-1.zip: 10%
2024-05-30T23:59:41.339Z [Modules] Streaming discord_spellcheck@1 to /home/meap/.config/discord/0.0.54/modules/pending/discord_spellcheck-1.zip: 11%
2024-05-30T23:59:41.340Z [Modules] Streaming discord_spellcheck@1 to /home/meap/.config/discord/0.0.54/modules/pending/discord_spellcheck-1.zip: 12%
2024-05-30T23:59:41.341Z [Modules] Streaming discord_spellcheck@1 to /home/meap/.config/discord/0.0.54/modules/pending/discord_spellcheck-1.zip: 13%
2024-05-30T23:59:41.343Z [Modules] Streaming discord_spellcheck@1 to /home/meap/.config/discord/0.0.54/modules/pending/discord_spellcheck-1.zip: 14%
2024-05-30T23:59:41.344Z [Modules] Streaming discord_spellcheck@1 to /home/meap/.config/discord/0.0.54/modules/pending/discord_spellcheck-1.zip: 15%
2024-05-30T23:59:41.347Z [Modules] Streaming discord_spellcheck@1 to /home/meap/.config/discord/0.0.54/modules/pending/discord_spellcheck-1.zip: 16%
2024-05-30T23:59:41.353Z [Modules] Streaming discord_spellcheck@1 to /home/meap/.config/discord/0.0.54/modules/pending/discord_spellcheck-1.zip: 17%
2024-05-30T23:59:41.362Z [Modules] Streaming discord_spellcheck@1 to /home/meap/.config/discord/0.0.54/modules/pending/discord_spellcheck-1.zip: 18%
2024-05-30T23:59:41.363Z [Modules] Streaming discord_spellcheck@1 to /home/meap/.config/discord/0.0.54/modules/pending/discord_spellcheck-1.zip: 19%
2024-05-30T23:59:41.365Z [Modules] Streaming discord_spellcheck@1 to /home/meap/.config/discord/0.0.54/modules/pending/discord_spellcheck-1.zip: 20%
2024-05-30T23:59:41.368Z [Modules] Streaming discord_spellcheck@1 to /home/meap/.config/discord/0.0.54/modules/pending/discord_spellcheck-1.zip: 21%
2024-05-30T23:59:41.369Z [Modules] Streaming discord_spellcheck@1 to /home/meap/.config/discord/0.0.54/modules/pending/discord_spellcheck-1.zip: 22%
2024-05-30T23:59:41.370Z [Modules] Streaming discord_spellcheck@1 to /home/meap/.config/discord/0.0.54/modules/pending/discord_spellcheck-1.zip: 23%
2024-05-30T23:59:41.372Z [Modules] Streaming discord_spellcheck@1 to /home/meap/.config/discord/0.0.54/modules/pending/discord_spellcheck-1.zip: 24%
2024-05-30T23:59:41.374Z [Modules] Streaming discord_spellcheck@1 to /home/meap/.config/discord/0.0.54/modules/pending/discord_spellcheck-1.zip: 25%
2024-05-30T23:59:41.382Z [Modules] Streaming discord_spellcheck@1 to /home/meap/.config/discord/0.0.54/modules/pending/discord_spellcheck-1.zip: 26%
2024-05-30T23:59:41.387Z [Modules] Streaming discord_spellcheck@1 to /home/meap/.config/discord/0.0.54/modules/pending/discord_spellcheck-1.zip: 27%
2024-05-30T23:59:41.389Z [Modules] Streaming discord_spellcheck@1 to /home/meap/.config/discord/0.0.54/modules/pending/discord_spellcheck-1.zip: 28%
2024-05-30T23:59:41.391Z [Modules] Streaming discord_spellcheck@1 to /home/meap/.config/discord/0.0.54/modules/pending/discord_spellcheck-1.zip: 29%
2024-05-30T23:59:41.397Z [Modules] Streaming discord_spellcheck@1 to /home/meap/.config/discord/0.0.54/modules/pending/discord_spellcheck-1.zip: 30%
2024-05-30T23:59:41.402Z [Modules] Streaming discord_spellcheck@1 to /home/meap/.config/discord/0.0.54/modules/pending/discord_spellcheck-1.zip: 31%
2024-05-30T23:59:41.402Z [Modules] Streaming discord_spellcheck@1 to /home/meap/.config/discord/0.0.54/modules/pending/discord_spellcheck-1.zip: 32%
2024-05-30T23:59:41.404Z [Modules] Streaming discord_spellcheck@1 to /home/meap/.config/discord/0.0.54/modules/pending/discord_spellcheck-1.zip: 33%
2024-05-30T23:59:41.407Z [Modules] Streaming discord_spellcheck@1 to /home/meap/.config/discord/0.0.54/modules/pending/discord_spellcheck-1.zip: 34%
2024-05-30T23:59:41.415Z [Modules] Streaming discord_spellcheck@1 to /home/meap/.config/discord/0.0.54/modules/pending/discord_spellcheck-1.zip: 35%
2024-05-30T23:59:41.420Z [Modules] Streaming discord_spellcheck@1 to /home/meap/.config/discord/0.0.54/modules/pending/discord_spellcheck-1.zip: 36%
2024-05-30T23:59:41.422Z [Modules] Streaming discord_spellcheck@1 to /home/meap/.config/discord/0.0.54/modules/pending/discord_spellcheck-1.zip: 37%
2024-05-30T23:59:41.428Z [Modules] Streaming discord_spellcheck@1 to /home/meap/.config/discord/0.0.54/modules/pending/discord_spellcheck-1.zip: 38%
2024-05-30T23:59:41.430Z [Modules] Streaming discord_spellcheck@1 to /home/meap/.config/discord/0.0.54/modules/pending/discord_spellcheck-1.zip: 39%
2024-05-30T23:59:41.439Z [Modules] Streaming discord_spellcheck@1 to /home/meap/.config/discord/0.0.54/modules/pending/discord_spellcheck-1.zip: 40%
2024-05-30T23:59:41.439Z [Modules] Streaming discord_spellcheck@1 to /home/meap/.config/discord/0.0.54/modules/pending/discord_spellcheck-1.zip: 41%
2024-05-30T23:59:41.441Z [Modules] Streaming discord_spellcheck@1 to /home/meap/.config/discord/0.0.54/modules/pending/discord_spellcheck-1.zip: 42%
2024-05-30T23:59:41.448Z [Modules] Streaming discord_spellcheck@1 to /home/meap/.config/discord/0.0.54/modules/pending/discord_spellcheck-1.zip: 43%
2024-05-30T23:59:41.450Z [Modules] Streaming discord_spellcheck@1 to /home/meap/.config/discord/0.0.54/modules/pending/discord_spellcheck-1.zip: 44%
2024-05-30T23:59:41.453Z [Modules] Streaming discord_spellcheck@1 to /home/meap/.config/discord/0.0.54/modules/pending/discord_spellcheck-1.zip: 45%
2024-05-30T23:59:41.454Z [Modules] Streaming discord_spellcheck@1 to /home/meap/.config/discord/0.0.54/modules/pending/discord_spellcheck-1.zip: 46%
2024-05-30T23:59:41.464Z [Modules] Streaming discord_spellcheck@1 to /home/meap/.config/discord/0.0.54/modules/pending/discord_spellcheck-1.zip: 47%
2024-05-30T23:59:41.465Z [Modules] Streaming discord_spellcheck@1 to /home/meap/.config/discord/0.0.54/modules/pending/discord_spellcheck-1.zip: 48%
2024-05-30T23:59:41.467Z [Modules] Streaming discord_spellcheck@1 to /home/meap/.config/discord/0.0.54/modules/pending/discord_spellcheck-1.zip: 49%
2024-05-30T23:59:41.471Z [Modules] Streaming discord_spellcheck@1 to /home/meap/.config/discord/0.0.54/modules/pending/discord_spellcheck-1.zip: 50%
2024-05-30T23:59:41.471Z [Modules] Streaming discord_spellcheck@1 to /home/meap/.config/discord/0.0.54/modules/pending/discord_spellcheck-1.zip: 51%
2024-05-30T23:59:41.472Z [Modules] Streaming discord_spellcheck@1 to /home/meap/.config/discord/0.0.54/modules/pending/discord_spellcheck-1.zip: 52%
2024-05-30T23:59:41.473Z [Modules] Streaming discord_spellcheck@1 to /home/meap/.config/discord/0.0.54/modules/pending/discord_spellcheck-1.zip: 53%
2024-05-30T23:59:41.475Z [Modules] Streaming discord_spellcheck@1 to /home/meap/.config/discord/0.0.54/modules/pending/discord_spellcheck-1.zip: 54%
2024-05-30T23:59:41.477Z [Modules] Streaming discord_spellcheck@1 to /home/meap/.config/discord/0.0.54/modules/pending/discord_spellcheck-1.zip: 55%
2024-05-30T23:59:41.478Z [Modules] Streaming discord_spellcheck@1 to /home/meap/.config/discord/0.0.54/modules/pending/discord_spellcheck-1.zip: 56%
2024-05-30T23:59:41.485Z [Modules] Streaming discord_spellcheck@1 to /home/meap/.config/discord/0.0.54/modules/pending/discord_spellcheck-1.zip: 57%
2024-05-30T23:59:41.487Z [Modules] Streaming discord_spellcheck@1 to /home/meap/.config/discord/0.0.54/modules/pending/discord_spellcheck-1.zip: 58%
2024-05-30T23:59:41.488Z [Modules] Streaming discord_spellcheck@1 to /home/meap/.config/discord/0.0.54/modules/pending/discord_spellcheck-1.zip: 59%
2024-05-30T23:59:41.488Z [Modules] Streaming discord_spellcheck@1 to /home/meap/.config/discord/0.0.54/modules/pending/discord_spellcheck-1.zip: 60%
2024-05-30T23:59:41.490Z [Modules] Streaming discord_spellcheck@1 to /home/meap/.config/discord/0.0.54/modules/pending/discord_spellcheck-1.zip: 61%
2024-05-30T23:59:41.492Z [Modules] Streaming discord_spellcheck@1 to /home/meap/.config/discord/0.0.54/modules/pending/discord_spellcheck-1.zip: 62%
2024-05-30T23:59:41.519Z [Modules] Streaming discord_spellcheck@1 to /home/meap/.config/discord/0.0.54/modules/pending/discord_spellcheck-1.zip: 63%
2024-05-30T23:59:41.527Z [Modules] Streaming discord_spellcheck@1 to /home/meap/.config/discord/0.0.54/modules/pending/discord_spellcheck-1.zip: 64%
2024-05-30T23:59:41.527Z [Modules] Streaming discord_spellcheck@1 to /home/meap/.config/discord/0.0.54/modules/pending/discord_spellcheck-1.zip: 65%
2024-05-30T23:59:41.528Z [Modules] Streaming discord_spellcheck@1 to /home/meap/.config/discord/0.0.54/modules/pending/discord_spellcheck-1.zip: 66%
2024-05-30T23:59:41.530Z [Modules] Streaming discord_spellcheck@1 to /home/meap/.config/discord/0.0.54/modules/pending/discord_spellcheck-1.zip: 67%
2024-05-30T23:59:41.531Z [Modules] Streaming discord_spellcheck@1 to /home/meap/.config/discord/0.0.54/modules/pending/discord_spellcheck-1.zip: 68%
2024-05-30T23:59:41.535Z [Modules] Streaming discord_spellcheck@1 to /home/meap/.config/discord/0.0.54/modules/pending/discord_spellcheck-1.zip: 69%
2024-05-30T23:59:41.544Z [Modules] Streaming discord_spellcheck@1 to /home/meap/.config/discord/0.0.54/modules/pending/discord_spellcheck-1.zip: 70%
2024-05-30T23:59:41.544Z [Modules] Streaming discord_spellcheck@1 to /home/meap/.config/discord/0.0.54/modules/pending/discord_spellcheck-1.zip: 71%
2024-05-30T23:59:41.547Z [Modules] Streaming discord_spellcheck@1 to /home/meap/.config/discord/0.0.54/modules/pending/discord_spellcheck-1.zip: 72%
2024-05-30T23:59:41.547Z [Modules] Streaming discord_spellcheck@1 to /home/meap/.config/discord/0.0.54/modules/pending/discord_spellcheck-1.zip: 73%
2024-05-30T23:59:41.553Z [Modules] Streaming discord_spellcheck@1 to /home/meap/.config/discord/0.0.54/modules/pending/discord_spellcheck-1.zip: 74%
2024-05-30T23:59:41.554Z [Modules] Streaming discord_spellcheck@1 to /home/meap/.config/discord/0.0.54/modules/pending/discord_spellcheck-1.zip: 75%
2024-05-30T23:59:41.571Z [Modules] Streaming discord_spellcheck@1 to /home/meap/.config/discord/0.0.54/modules/pending/discord_spellcheck-1.zip: 76%
2024-05-30T23:59:41.571Z [Modules] Streaming discord_spellcheck@1 to /home/meap/.config/discord/0.0.54/modules/pending/discord_spellcheck-1.zip: 77%
2024-05-30T23:59:41.573Z [Modules] Streaming discord_spellcheck@1 to /home/meap/.config/discord/0.0.54/modules/pending/discord_spellcheck-1.zip: 78%
2024-05-30T23:59:41.577Z [Modules] Streaming discord_spellcheck@1 to /home/meap/.config/discord/0.0.54/modules/pending/discord_spellcheck-1.zip: 79%
2024-05-30T23:59:41.578Z [Modules] Streaming discord_spellcheck@1 to /home/meap/.config/discord/0.0.54/modules/pending/discord_spellcheck-1.zip: 80%
2024-05-30T23:59:41.578Z [Modules] Streaming discord_spellcheck@1 to /home/meap/.config/discord/0.0.54/modules/pending/discord_spellcheck-1.zip: 81%
2024-05-30T23:59:41.579Z [Modules] Streaming discord_spellcheck@1 to /home/meap/.config/discord/0.0.54/modules/pending/discord_spellcheck-1.zip: 82%
2024-05-30T23:59:41.580Z [Modules] Streaming discord_spellcheck@1 to /home/meap/.config/discord/0.0.54/modules/pending/discord_spellcheck-1.zip: 83%
2024-05-30T23:59:41.581Z [Modules] Streaming discord_spellcheck@1 to /home/meap/.config/discord/0.0.54/modules/pending/discord_spellcheck-1.zip: 84%
2024-05-30T23:59:41.583Z [Modules] Streaming discord_spellcheck@1 to /home/meap/.config/discord/0.0.54/modules/pending/discord_spellcheck-1.zip: 85%
2024-05-30T23:59:41.592Z [Modules] Streaming discord_spellcheck@1 to /home/meap/.config/discord/0.0.54/modules/pending/discord_spellcheck-1.zip: 86%
2024-05-30T23:59:41.595Z [Modules] Streaming discord_spellcheck@1 to /home/meap/.config/discord/0.0.54/modules/pending/discord_spellcheck-1.zip: 88%
2024-05-30T23:59:41.601Z [Modules] Streaming discord_spellcheck@1 to /home/meap/.config/discord/0.0.54/modules/pending/discord_spellcheck-1.zip: 89%
2024-05-30T23:59:41.602Z [Modules] Streaming discord_spellcheck@1 to /home/meap/.config/discord/0.0.54/modules/pending/discord_spellcheck-1.zip: 90%
2024-05-30T23:59:41.603Z [Modules] Streaming discord_spellcheck@1 to /home/meap/.config/discord/0.0.54/modules/pending/discord_spellcheck-1.zip: 91%
2024-05-30T23:59:41.604Z [Modules] Streaming discord_spellcheck@1 to /home/meap/.config/discord/0.0.54/modules/pending/discord_spellcheck-1.zip: 92%
2024-05-30T23:59:41.606Z [Modules] Streaming discord_spellcheck@1 to /home/meap/.config/discord/0.0.54/modules/pending/discord_spellcheck-1.zip: 93%
2024-05-30T23:59:41.629Z [Modules] Streaming discord_spellcheck@1 to /home/meap/.config/discord/0.0.54/modules/pending/discord_spellcheck-1.zip: 94%
2024-05-30T23:59:41.633Z [Modules] Streaming discord_spellcheck@1 to /home/meap/.config/discord/0.0.54/modules/pending/discord_spellcheck-1.zip: 95%
2024-05-30T23:59:41.634Z [Modules] Streaming discord_spellcheck@1 to /home/meap/.config/discord/0.0.54/modules/pending/discord_spellcheck-1.zip: 96%
2024-05-30T23:59:41.641Z [Modules] Streaming discord_spellcheck@1 to /home/meap/.config/discord/0.0.54/modules/pending/discord_spellcheck-1.zip: 97%
2024-05-30T23:59:41.643Z [Modules] Streaming discord_spellcheck@1 to /home/meap/.config/discord/0.0.54/modules/pending/discord_spellcheck-1.zip: 98%
2024-05-30T23:59:41.644Z [Modules] Streaming discord_spellcheck@1 to /home/meap/.config/discord/0.0.54/modules/pending/discord_spellcheck-1.zip: 99%
2024-05-30T23:59:41.644Z [Modules] Streaming discord_spellcheck@1 to /home/meap/.config/discord/0.0.54/modules/pending/discord_spellcheck-1.zip: 100%
2024-05-30T23:59:41.646Z [Modules] Fetching discord_utils@1 from https://discord.com/api/modules/stable/discord_utils/1
2024-05-30T23:59:41.646Z [Modules] Streaming discord_utils@1 to /home/meap/.config/discord/0.0.54/modules/pending/discord_utils-1.zip
2024-05-30T23:59:41.846Z [Modules] Streaming discord_utils@1 to /home/meap/.config/discord/0.0.54/modules/pending/discord_utils-1.zip: 2%
2024-05-30T23:59:41.849Z [Modules] Streaming discord_utils@1 to /home/meap/.config/discord/0.0.54/modules/pending/discord_utils-1.zip: 4%
2024-05-30T23:59:41.854Z [Modules] Streaming discord_utils@1 to /home/meap/.config/discord/0.0.54/modules/pending/discord_utils-1.zip: 8%
2024-05-30T23:59:41.854Z [Modules] Streaming discord_utils@1 to /home/meap/.config/discord/0.0.54/modules/pending/discord_utils-1.zip: 11%
2024-05-30T23:59:41.857Z [Modules] Streaming discord_utils@1 to /home/meap/.config/discord/0.0.54/modules/pending/discord_utils-1.zip: 13%
2024-05-30T23:59:41.858Z [Modules] Streaming discord_utils@1 to /home/meap/.config/discord/0.0.54/modules/pending/discord_utils-1.zip: 15%
2024-05-30T23:59:41.874Z [Modules] Streaming discord_utils@1 to /home/meap/.config/discord/0.0.54/modules/pending/discord_utils-1.zip: 16%
2024-05-30T23:59:41.878Z [Modules] Streaming discord_utils@1 to /home/meap/.config/discord/0.0.54/modules/pending/discord_utils-1.zip: 18%
2024-05-30T23:59:41.879Z [Modules] Streaming discord_utils@1 to /home/meap/.config/discord/0.0.54/modules/pending/discord_utils-1.zip: 20%
2024-05-30T23:59:41.881Z [Modules] Streaming discord_utils@1 to /home/meap/.config/discord/0.0.54/modules/pending/discord_utils-1.zip: 22%
2024-05-30T23:59:41.881Z [Modules] Streaming discord_utils@1 to /home/meap/.config/discord/0.0.54/modules/pending/discord_utils-1.zip: 24%
2024-05-30T23:59:41.882Z [Modules] Streaming discord_utils@1 to /home/meap/.config/discord/0.0.54/modules/pending/discord_utils-1.zip: 26%
2024-05-30T23:59:41.887Z [Modules] Streaming discord_utils@1 to /home/meap/.config/discord/0.0.54/modules/pending/discord_utils-1.zip: 28%
2024-05-30T23:59:41.887Z [Modules] Streaming discord_utils@1 to /home/meap/.config/discord/0.0.54/modules/pending/discord_utils-1.zip: 30%
2024-05-30T23:59:41.888Z [Modules] Streaming discord_utils@1 to /home/meap/.config/discord/0.0.54/modules/pending/discord_utils-1.zip: 32%
2024-05-30T23:59:41.888Z [Modules] Streaming discord_utils@1 to /home/meap/.config/discord/0.0.54/modules/pending/discord_utils-1.zip: 33%
2024-05-30T23:59:41.889Z [Modules] Streaming discord_utils@1 to /home/meap/.config/discord/0.0.54/modules/pending/discord_utils-1.zip: 34%
2024-05-30T23:59:41.889Z [Modules] Streaming discord_utils@1 to /home/meap/.config/discord/0.0.54/modules/pending/discord_utils-1.zip: 36%
2024-05-30T23:59:41.889Z [Modules] Streaming discord_utils@1 to /home/meap/.config/discord/0.0.54/modules/pending/discord_utils-1.zip: 38%
2024-05-30T23:59:41.890Z [Modules] Streaming discord_utils@1 to /home/meap/.config/discord/0.0.54/modules/pending/discord_utils-1.zip: 40%
2024-05-30T23:59:41.895Z [Modules] Streaming discord_utils@1 to /home/meap/.config/discord/0.0.54/modules/pending/discord_utils-1.zip: 42%
2024-05-30T23:59:41.895Z [Modules] Streaming discord_utils@1 to /home/meap/.config/discord/0.0.54/modules/pending/discord_utils-1.zip: 43%
2024-05-30T23:59:41.896Z [Modules] Streaming discord_utils@1 to /home/meap/.config/discord/0.0.54/modules/pending/discord_utils-1.zip: 45%
2024-05-30T23:59:41.897Z [Modules] Streaming discord_utils@1 to /home/meap/.config/discord/0.0.54/modules/pending/discord_utils-1.zip: 47%
2024-05-30T23:59:41.898Z [Modules] Streaming discord_utils@1 to /home/meap/.config/discord/0.0.54/modules/pending/discord_utils-1.zip: 49%
2024-05-30T23:59:41.898Z [Modules] Streaming discord_utils@1 to /home/meap/.config/discord/0.0.54/modules/pending/discord_utils-1.zip: 50%
2024-05-30T23:59:41.900Z [Modules] Streaming discord_utils@1 to /home/meap/.config/discord/0.0.54/modules/pending/discord_utils-1.zip: 52%
2024-05-30T23:59:41.900Z [Modules] Streaming discord_utils@1 to /home/meap/.config/discord/0.0.54/modules/pending/discord_utils-1.zip: 55%
2024-05-30T23:59:41.908Z [Modules] Streaming discord_utils@1 to /home/meap/.config/discord/0.0.54/modules/pending/discord_utils-1.zip: 57%
2024-05-30T23:59:41.908Z [Modules] Streaming discord_utils@1 to /home/meap/.config/discord/0.0.54/modules/pending/discord_utils-1.zip: 59%
2024-05-30T23:59:41.909Z [Modules] Streaming discord_utils@1 to /home/meap/.config/discord/0.0.54/modules/pending/discord_utils-1.zip: 60%
2024-05-30T23:59:41.909Z [Modules] Streaming discord_utils@1 to /home/meap/.config/discord/0.0.54/modules/pending/discord_utils-1.zip: 61%
2024-05-30T23:59:41.909Z [Modules] Streaming discord_utils@1 to /home/meap/.config/discord/0.0.54/modules/pending/discord_utils-1.zip: 63%
2024-05-30T23:59:41.910Z [Modules] Streaming discord_utils@1 to /home/meap/.config/discord/0.0.54/modules/pending/discord_utils-1.zip: 65%
2024-05-30T23:59:41.910Z [Modules] Streaming discord_utils@1 to /home/meap/.config/discord/0.0.54/modules/pending/discord_utils-1.zip: 66%
2024-05-30T23:59:41.911Z [Modules] Streaming discord_utils@1 to /home/meap/.config/discord/0.0.54/modules/pending/discord_utils-1.zip: 68%
2024-05-30T23:59:41.919Z [Modules] Streaming discord_utils@1 to /home/meap/.config/discord/0.0.54/modules/pending/discord_utils-1.zip: 69%
2024-05-30T23:59:41.921Z [Modules] Streaming discord_utils@1 to /home/meap/.config/discord/0.0.54/modules/pending/discord_utils-1.zip: 71%
2024-05-30T23:59:41.921Z [Modules] Streaming discord_utils@1 to /home/meap/.config/discord/0.0.54/modules/pending/discord_utils-1.zip: 73%
2024-05-30T23:59:41.922Z [Modules] Streaming discord_utils@1 to /home/meap/.config/discord/0.0.54/modules/pending/discord_utils-1.zip: 75%
2024-05-30T23:59:41.924Z [Modules] Streaming discord_utils@1 to /home/meap/.config/discord/0.0.54/modules/pending/discord_utils-1.zip: 77%
2024-05-30T23:59:41.924Z [Modules] Streaming discord_utils@1 to /home/meap/.config/discord/0.0.54/modules/pending/discord_utils-1.zip: 78%
2024-05-30T23:59:41.925Z [Modules] Streaming discord_utils@1 to /home/meap/.config/discord/0.0.54/modules/pending/discord_utils-1.zip: 79%
2024-05-30T23:59:41.933Z [Modules] Streaming discord_utils@1 to /home/meap/.config/discord/0.0.54/modules/pending/discord_utils-1.zip: 81%
2024-05-30T23:59:41.935Z [Modules] Streaming discord_utils@1 to /home/meap/.config/discord/0.0.54/modules/pending/discord_utils-1.zip: 82%
2024-05-30T23:59:41.936Z [Modules] Streaming discord_utils@1 to /home/meap/.config/discord/0.0.54/modules/pending/discord_utils-1.zip: 84%
2024-05-30T23:59:41.937Z [Modules] Streaming discord_utils@1 to /home/meap/.config/discord/0.0.54/modules/pending/discord_utils-1.zip: 86%
2024-05-30T23:59:41.937Z [Modules] Streaming discord_utils@1 to /home/meap/.config/discord/0.0.54/modules/pending/discord_utils-1.zip: 87%
2024-05-30T23:59:41.938Z [Modules] Streaming discord_utils@1 to /home/meap/.config/discord/0.0.54/modules/pending/discord_utils-1.zip: 88%
2024-05-30T23:59:41.938Z [Modules] Streaming discord_utils@1 to /home/meap/.config/discord/0.0.54/modules/pending/discord_utils-1.zip: 89%
2024-05-30T23:59:41.945Z [Modules] Streaming discord_utils@1 to /home/meap/.config/discord/0.0.54/modules/pending/discord_utils-1.zip: 91%
2024-05-30T23:59:41.946Z [Modules] Streaming discord_utils@1 to /home/meap/.config/discord/0.0.54/modules/pending/discord_utils-1.zip: 93%
2024-05-30T23:59:41.946Z [Modules] Streaming discord_utils@1 to /home/meap/.config/discord/0.0.54/modules/pending/discord_utils-1.zip: 94%
2024-05-30T23:59:41.947Z [Modules] Streaming discord_utils@1 to /home/meap/.config/discord/0.0.54/modules/pending/discord_utils-1.zip: 95%
2024-05-30T23:59:41.952Z [Modules] Streaming discord_utils@1 to /home/meap/.config/discord/0.0.54/modules/pending/discord_utils-1.zip: 97%
2024-05-30T23:59:41.953Z [Modules] Streaming discord_utils@1 to /home/meap/.config/discord/0.0.54/modules/pending/discord_utils-1.zip: 99%
2024-05-30T23:59:41.953Z [Modules] Streaming discord_utils@1 to /home/meap/.config/discord/0.0.54/modules/pending/discord_utils-1.zip: 100%
2024-05-30T23:59:41.954Z [Modules] Fetching discord_voice@3 from https://discord.com/api/modules/stable/discord_voice/3
2024-05-30T23:59:41.954Z [Modules] Streaming discord_voice@3 to /home/meap/.config/discord/0.0.54/modules/pending/discord_voice-3.zip
2024-05-30T23:59:42.143Z [Modules] Streaming discord_voice@3 to /home/meap/.config/discord/0.0.54/modules/pending/discord_voice-3.zip: 1%
2024-05-30T23:59:42.146Z [Modules] Streaming discord_voice@3 to /home/meap/.config/discord/0.0.54/modules/pending/discord_voice-3.zip: 2%
2024-05-30T23:59:42.154Z [Modules] Streaming discord_voice@3 to /home/meap/.config/discord/0.0.54/modules/pending/discord_voice-3.zip: 3%
2024-05-30T23:59:42.160Z [Modules] Streaming discord_voice@3 to /home/meap/.config/discord/0.0.54/modules/pending/discord_voice-3.zip: 4%
2024-05-30T23:59:42.174Z [Modules] Streaming discord_voice@3 to /home/meap/.config/discord/0.0.54/modules/pending/discord_voice-3.zip: 5%
2024-05-30T23:59:42.176Z [Modules] Streaming discord_voice@3 to /home/meap/.config/discord/0.0.54/modules/pending/discord_voice-3.zip: 6%
2024-05-30T23:59:42.182Z [Modules] Streaming discord_voice@3 to /home/meap/.config/discord/0.0.54/modules/pending/discord_voice-3.zip: 7%
2024-05-30T23:59:42.188Z [Modules] Streaming discord_voice@3 to /home/meap/.config/discord/0.0.54/modules/pending/discord_voice-3.zip: 8%
2024-05-30T23:59:42.223Z [Modules] Streaming discord_voice@3 to /home/meap/.config/discord/0.0.54/modules/pending/discord_voice-3.zip: 9%
2024-05-30T23:59:42.225Z [Modules] Streaming discord_voice@3 to /home/meap/.config/discord/0.0.54/modules/pending/discord_voice-3.zip: 10%
2024-05-30T23:59:42.228Z [Modules] Streaming discord_voice@3 to /home/meap/.config/discord/0.0.54/modules/pending/discord_voice-3.zip: 11%
2024-05-30T23:59:42.241Z [Modules] Streaming discord_voice@3 to /home/meap/.config/discord/0.0.54/modules/pending/discord_voice-3.zip: 12%
2024-05-30T23:59:42.251Z [Modules] Streaming discord_voice@3 to /home/meap/.config/discord/0.0.54/modules/pending/discord_voice-3.zip: 13%
2024-05-30T23:59:42.255Z [Modules] Streaming discord_voice@3 to /home/meap/.config/discord/0.0.54/modules/pending/discord_voice-3.zip: 14%
2024-05-30T23:59:42.258Z [Modules] Streaming discord_voice@3 to /home/meap/.config/discord/0.0.54/modules/pending/discord_voice-3.zip: 15%
2024-05-30T23:59:42.263Z [Modules] Streaming discord_voice@3 to /home/meap/.config/discord/0.0.54/modules/pending/discord_voice-3.zip: 16%
2024-05-30T23:59:42.266Z [Modules] Streaming discord_voice@3 to /home/meap/.config/discord/0.0.54/modules/pending/discord_voice-3.zip: 17%
2024-05-30T23:59:42.293Z [Modules] Streaming discord_voice@3 to /home/meap/.config/discord/0.0.54/modules/pending/discord_voice-3.zip: 18%
2024-05-30T23:59:42.303Z [Modules] Streaming discord_voice@3 to /home/meap/.config/discord/0.0.54/modules/pending/discord_voice-3.zip: 19%
2024-05-30T23:59:42.307Z [Modules] Streaming discord_voice@3 to /home/meap/.config/discord/0.0.54/modules/pending/discord_voice-3.zip: 20%
2024-05-30T23:59:42.316Z [Modules] Streaming discord_voice@3 to /home/meap/.config/discord/0.0.54/modules/pending/discord_voice-3.zip: 21%
2024-05-30T23:59:42.329Z [Modules] Streaming discord_voice@3 to /home/meap/.config/discord/0.0.54/modules/pending/discord_voice-3.zip: 22%
2024-05-30T23:59:42.332Z [Modules] Streaming discord_voice@3 to /home/meap/.config/discord/0.0.54/modules/pending/discord_voice-3.zip: 23%
2024-05-30T23:59:42.335Z [Modules] Streaming discord_voice@3 to /home/meap/.config/discord/0.0.54/modules/pending/discord_voice-3.zip: 24%
2024-05-30T23:59:42.340Z [Modules] Streaming discord_voice@3 to /home/meap/.config/discord/0.0.54/modules/pending/discord_voice-3.zip: 25%
2024-05-30T23:59:42.343Z [Modules] Streaming discord_voice@3 to /home/meap/.config/discord/0.0.54/modules/pending/discord_voice-3.zip: 26%
2024-05-30T23:59:42.351Z [Modules] Streaming discord_voice@3 to /home/meap/.config/discord/0.0.54/modules/pending/discord_voice-3.zip: 27%
2024-05-30T23:59:42.371Z [Modules] Streaming discord_voice@3 to /home/meap/.config/discord/0.0.54/modules/pending/discord_voice-3.zip: 28%
2024-05-30T23:59:42.375Z [Modules] Streaming discord_voice@3 to /home/meap/.config/discord/0.0.54/modules/pending/discord_voice-3.zip: 29%
2024-05-30T23:59:42.388Z [Modules] Streaming discord_voice@3 to /home/meap/.config/discord/0.0.54/modules/pending/discord_voice-3.zip: 30%
2024-05-30T23:59:42.393Z [Modules] Streaming discord_voice@3 to /home/meap/.config/discord/0.0.54/modules/pending/discord_voice-3.zip: 31%
2024-05-30T23:59:42.395Z [Modules] Streaming discord_voice@3 to /home/meap/.config/discord/0.0.54/modules/pending/discord_voice-3.zip: 32%
2024-05-30T23:59:42.413Z [Modules] Streaming discord_voice@3 to /home/meap/.config/discord/0.0.54/modules/pending/discord_voice-3.zip: 33%
2024-05-30T23:59:42.414Z [Modules] Streaming discord_voice@3 to /home/meap/.config/discord/0.0.54/modules/pending/discord_voice-3.zip: 34%
2024-05-30T23:59:42.417Z [Modules] Streaming discord_voice@3 to /home/meap/.config/discord/0.0.54/modules/pending/discord_voice-3.zip: 35%
2024-05-30T23:59:42.421Z [Modules] Streaming discord_voice@3 to /home/meap/.config/discord/0.0.54/modules/pending/discord_voice-3.zip: 36%
2024-05-30T23:59:42.432Z [Modules] Streaming discord_voice@3 to /home/meap/.config/discord/0.0.54/modules/pending/discord_voice-3.zip: 37%
2024-05-30T23:59:42.436Z [Modules] Streaming discord_voice@3 to /home/meap/.config/discord/0.0.54/modules/pending/discord_voice-3.zip: 38%
2024-05-30T23:59:42.439Z [Modules] Streaming discord_voice@3 to /home/meap/.config/discord/0.0.54/modules/pending/discord_voice-3.zip: 39%
2024-05-30T23:59:42.442Z [Modules] Streaming discord_voice@3 to /home/meap/.config/discord/0.0.54/modules/pending/discord_voice-3.zip: 40%
2024-05-30T23:59:42.447Z [Modules] Streaming discord_voice@3 to /home/meap/.config/discord/0.0.54/modules/pending/discord_voice-3.zip: 41%
2024-05-30T23:59:42.482Z [Modules] Streaming discord_voice@3 to /home/meap/.config/discord/0.0.54/modules/pending/discord_voice-3.zip: 42%
2024-05-30T23:59:42.489Z [Modules] Streaming discord_voice@3 to /home/meap/.config/discord/0.0.54/modules/pending/discord_voice-3.zip: 43%
2024-05-30T23:59:42.506Z [Modules] Streaming discord_voice@3 to /home/meap/.config/discord/0.0.54/modules/pending/discord_voice-3.zip: 44%
2024-05-30T23:59:42.518Z [Modules] Streaming discord_voice@3 to /home/meap/.config/discord/0.0.54/modules/pending/discord_voice-3.zip: 45%
2024-05-30T23:59:42.523Z [Modules] Streaming discord_voice@3 to /home/meap/.config/discord/0.0.54/modules/pending/discord_voice-3.zip: 46%
2024-05-30T23:59:42.525Z [Modules] Streaming discord_voice@3 to /home/meap/.config/discord/0.0.54/modules/pending/discord_voice-3.zip: 47%
2024-05-30T23:59:42.532Z [Modules] Streaming discord_voice@3 to /home/meap/.config/discord/0.0.54/modules/pending/discord_voice-3.zip: 48%
2024-05-30T23:59:42.534Z [Modules] Streaming discord_voice@3 to /home/meap/.config/discord/0.0.54/modules/pending/discord_voice-3.zip: 49%
2024-05-30T23:59:42.538Z [Modules] Streaming discord_voice@3 to /home/meap/.config/discord/0.0.54/modules/pending/discord_voice-3.zip: 50%
2024-05-30T23:59:42.543Z [Modules] Streaming discord_voice@3 to /home/meap/.config/discord/0.0.54/modules/pending/discord_voice-3.zip: 51%
2024-05-30T23:59:42.576Z [Modules] Streaming discord_voice@3 to /home/meap/.config/discord/0.0.54/modules/pending/discord_voice-3.zip: 52%
2024-05-30T23:59:42.584Z [Modules] Streaming discord_voice@3 to /home/meap/.config/discord/0.0.54/modules/pending/discord_voice-3.zip: 53%
2024-05-30T23:59:42.589Z [Modules] Streaming discord_voice@3 to /home/meap/.config/discord/0.0.54/modules/pending/discord_voice-3.zip: 54%
2024-05-30T23:59:42.591Z [Modules] Streaming discord_voice@3 to /home/meap/.config/discord/0.0.54/modules/pending/discord_voice-3.zip: 55%
2024-05-30T23:59:42.595Z [Modules] Streaming discord_voice@3 to /home/meap/.config/discord/0.0.54/modules/pending/discord_voice-3.zip: 56%
2024-05-30T23:59:42.599Z [Modules] Streaming discord_voice@3 to /home/meap/.config/discord/0.0.54/modules/pending/discord_voice-3.zip: 57%
2024-05-30T23:59:42.616Z [Modules] Streaming discord_voice@3 to /home/meap/.config/discord/0.0.54/modules/pending/discord_voice-3.zip: 58%
2024-05-30T23:59:42.617Z [Modules] Streaming discord_voice@3 to /home/meap/.config/discord/0.0.54/modules/pending/discord_voice-3.zip: 59%
2024-05-30T23:59:42.619Z [Modules] Streaming discord_voice@3 to /home/meap/.config/discord/0.0.54/modules/pending/discord_voice-3.zip: 60%
2024-05-30T23:59:42.624Z [Modules] Streaming discord_voice@3 to /home/meap/.config/discord/0.0.54/modules/pending/discord_voice-3.zip: 61%
2024-05-30T23:59:42.630Z [Modules] Streaming discord_voice@3 to /home/meap/.config/discord/0.0.54/modules/pending/discord_voice-3.zip: 62%
2024-05-30T23:59:42.670Z [Modules] Streaming discord_voice@3 to /home/meap/.config/discord/0.0.54/modules/pending/discord_voice-3.zip: 63%
2024-05-30T23:59:42.671Z [Modules] Streaming discord_voice@3 to /home/meap/.config/discord/0.0.54/modules/pending/discord_voice-3.zip: 64%
2024-05-30T23:59:42.673Z [Modules] Streaming discord_voice@3 to /home/meap/.config/discord/0.0.54/modules/pending/discord_voice-3.zip: 65%
2024-05-30T23:59:42.676Z [Modules] Streaming discord_voice@3 to /home/meap/.config/discord/0.0.54/modules/pending/discord_voice-3.zip: 66%
2024-05-30T23:59:42.681Z [Modules] Streaming discord_voice@3 to /home/meap/.config/discord/0.0.54/modules/pending/discord_voice-3.zip: 67%
2024-05-30T23:59:42.692Z [Modules] Streaming discord_voice@3 to /home/meap/.config/discord/0.0.54/modules/pending/discord_voice-3.zip: 68%
2024-05-30T23:59:42.696Z [Modules] Streaming discord_voice@3 to /home/meap/.config/discord/0.0.54/modules/pending/discord_voice-3.zip: 69%
2024-05-30T23:59:42.701Z [Modules] Streaming discord_voice@3 to /home/meap/.config/discord/0.0.54/modules/pending/discord_voice-3.zip: 70%
2024-05-30T23:59:42.706Z [Modules] Streaming discord_voice@3 to /home/meap/.config/discord/0.0.54/modules/pending/discord_voice-3.zip: 71%
2024-05-30T23:59:42.708Z [Modules] Streaming discord_voice@3 to /home/meap/.config/discord/0.0.54/modules/pending/discord_voice-3.zip: 72%
2024-05-30T23:59:42.745Z [Modules] Streaming discord_voice@3 to /home/meap/.config/discord/0.0.54/modules/pending/discord_voice-3.zip: 73%
2024-05-30T23:59:42.750Z [Modules] Streaming discord_voice@3 to /home/meap/.config/discord/0.0.54/modules/pending/discord_voice-3.zip: 74%
2024-05-30T23:59:42.753Z [Modules] Streaming discord_voice@3 to /home/meap/.config/discord/0.0.54/modules/pending/discord_voice-3.zip: 75%
2024-05-30T23:59:42.777Z [Modules] Streaming discord_voice@3 to /home/meap/.config/discord/0.0.54/modules/pending/discord_voice-3.zip: 76%
2024-05-30T23:59:42.778Z [Modules] Streaming discord_voice@3 to /home/meap/.config/discord/0.0.54/modules/pending/discord_voice-3.zip: 77%
2024-05-30T23:59:42.783Z [Modules] Streaming discord_voice@3 to /home/meap/.config/discord/0.0.54/modules/pending/discord_voice-3.zip: 78%
2024-05-30T23:59:42.786Z [Modules] Streaming discord_voice@3 to /home/meap/.config/discord/0.0.54/modules/pending/discord_voice-3.zip: 79%
2024-05-30T23:59:42.789Z [Modules] Streaming discord_voice@3 to /home/meap/.config/discord/0.0.54/modules/pending/discord_voice-3.zip: 80%
2024-05-30T23:59:42.794Z [Modules] Streaming discord_voice@3 to /home/meap/.config/discord/0.0.54/modules/pending/discord_voice-3.zip: 81%
2024-05-30T23:59:42.798Z [Modules] Streaming discord_voice@3 to /home/meap/.config/discord/0.0.54/modules/pending/discord_voice-3.zip: 82%
2024-05-30T23:59:42.839Z [Modules] Streaming discord_voice@3 to /home/meap/.config/discord/0.0.54/modules/pending/discord_voice-3.zip: 83%
2024-05-30T23:59:42.840Z [Modules] Streaming discord_voice@3 to /home/meap/.config/discord/0.0.54/modules/pending/discord_voice-3.zip: 84%
2024-05-30T23:59:42.842Z [Modules] Streaming discord_voice@3 to /home/meap/.config/discord/0.0.54/modules/pending/discord_voice-3.zip: 85%
2024-05-30T23:59:42.853Z [Modules] Streaming discord_voice@3 to /home/meap/.config/discord/0.0.54/modules/pending/discord_voice-3.zip: 86%
2024-05-30T23:59:42.856Z [Modules] Streaming discord_voice@3 to /home/meap/.config/discord/0.0.54/modules/pending/discord_voice-3.zip: 87%
2024-05-30T23:59:42.872Z [Modules] Streaming discord_voice@3 to /home/meap/.config/discord/0.0.54/modules/pending/discord_voice-3.zip: 88%
2024-05-30T23:59:42.873Z [Modules] Streaming discord_voice@3 to /home/meap/.config/discord/0.0.54/modules/pending/discord_voice-3.zip: 89%
2024-05-30T23:59:42.877Z [Modules] Streaming discord_voice@3 to /home/meap/.config/discord/0.0.54/modules/pending/discord_voice-3.zip: 90%
2024-05-30T23:59:42.880Z [Modules] Streaming discord_voice@3 to /home/meap/.config/discord/0.0.54/modules/pending/discord_voice-3.zip: 91%
2024-05-30T23:59:42.883Z [Modules] Streaming discord_voice@3 to /home/meap/.config/discord/0.0.54/modules/pending/discord_voice-3.zip: 92%
2024-05-30T23:59:42.915Z [Modules] Streaming discord_voice@3 to /home/meap/.config/discord/0.0.54/modules/pending/discord_voice-3.zip: 93%
2024-05-30T23:59:42.929Z [Modules] Streaming discord_voice@3 to /home/meap/.config/discord/0.0.54/modules/pending/discord_voice-3.zip: 94%
2024-05-30T23:59:42.932Z [Modules] Streaming discord_voice@3 to /home/meap/.config/discord/0.0.54/modules/pending/discord_voice-3.zip: 95%
2024-05-30T23:59:42.941Z [Modules] Streaming discord_voice@3 to /home/meap/.config/discord/0.0.54/modules/pending/discord_voice-3.zip: 96%
2024-05-30T23:59:42.945Z [Modules] Streaming discord_voice@3 to /home/meap/.config/discord/0.0.54/modules/pending/discord_voice-3.zip: 97%
2024-05-30T23:59:42.955Z [Modules] Streaming discord_voice@3 to /home/meap/.config/discord/0.0.54/modules/pending/discord_voice-3.zip: 98%
2024-05-30T23:59:42.956Z [Modules] Streaming discord_voice@3 to /home/meap/.config/discord/0.0.54/modules/pending/discord_voice-3.zip: 99%
2024-05-30T23:59:42.959Z [Modules] Streaming discord_voice@3 to /home/meap/.config/discord/0.0.54/modules/pending/discord_voice-3.zip: 100%
2024-05-30T23:59:42.961Z [Modules] Fetching discord_zstd@1 from https://discord.com/api/modules/stable/discord_zstd/1
2024-05-30T23:59:42.961Z [Modules] Streaming discord_zstd@1 to /home/meap/.config/discord/0.0.54/modules/pending/discord_zstd-1.zip
2024-05-30T23:59:43.123Z [Modules] Streaming discord_zstd@1 to /home/meap/.config/discord/0.0.54/modules/pending/discord_zstd-1.zip: 5%
2024-05-30T23:59:43.127Z [Modules] Streaming discord_zstd@1 to /home/meap/.config/discord/0.0.54/modules/pending/discord_zstd-1.zip: 6%
2024-05-30T23:59:43.128Z [Modules] Streaming discord_zstd@1 to /home/meap/.config/discord/0.0.54/modules/pending/discord_zstd-1.zip: 11%
2024-05-30T23:59:43.128Z [Modules] Streaming discord_zstd@1 to /home/meap/.config/discord/0.0.54/modules/pending/discord_zstd-1.zip: 15%
2024-05-30T23:59:43.129Z [Modules] Streaming discord_zstd@1 to /home/meap/.config/discord/0.0.54/modules/pending/discord_zstd-1.zip: 20%
2024-05-30T23:59:43.130Z [Modules] Streaming discord_zstd@1 to /home/meap/.config/discord/0.0.54/modules/pending/discord_zstd-1.zip: 21%
2024-05-30T23:59:43.130Z [Modules] Streaming discord_zstd@1 to /home/meap/.config/discord/0.0.54/modules/pending/discord_zstd-1.zip: 24%
2024-05-30T23:59:43.132Z [Modules] Streaming discord_zstd@1 to /home/meap/.config/discord/0.0.54/modules/pending/discord_zstd-1.zip: 27%
2024-05-30T23:59:43.138Z [Modules] Streaming discord_zstd@1 to /home/meap/.config/discord/0.0.54/modules/pending/discord_zstd-1.zip: 32%
2024-05-30T23:59:43.139Z [Modules] Streaming discord_zstd@1 to /home/meap/.config/discord/0.0.54/modules/pending/discord_zstd-1.zip: 38%
2024-05-30T23:59:43.140Z [Modules] Streaming discord_zstd@1 to /home/meap/.config/discord/0.0.54/modules/pending/discord_zstd-1.zip: 43%
2024-05-30T23:59:43.141Z [Modules] Streaming discord_zstd@1 to /home/meap/.config/discord/0.0.54/modules/pending/discord_zstd-1.zip: 48%
2024-05-30T23:59:43.142Z [Modules] Streaming discord_zstd@1 to /home/meap/.config/discord/0.0.54/modules/pending/discord_zstd-1.zip: 53%
2024-05-30T23:59:43.145Z [Modules] Streaming discord_zstd@1 to /home/meap/.config/discord/0.0.54/modules/pending/discord_zstd-1.zip: 58%
2024-05-30T23:59:43.145Z [Modules] Streaming discord_zstd@1 to /home/meap/.config/discord/0.0.54/modules/pending/discord_zstd-1.zip: 63%
2024-05-30T23:59:43.146Z [Modules] Streaming discord_zstd@1 to /home/meap/.config/discord/0.0.54/modules/pending/discord_zstd-1.zip: 68%
2024-05-30T23:59:43.147Z [Modules] Streaming discord_zstd@1 to /home/meap/.config/discord/0.0.54/modules/pending/discord_zstd-1.zip: 73%
2024-05-30T23:59:43.148Z [Modules] Streaming discord_zstd@1 to /home/meap/.config/discord/0.0.54/modules/pending/discord_zstd-1.zip: 74%
2024-05-30T23:59:43.148Z [Modules] Streaming discord_zstd@1 to /home/meap/.config/discord/0.0.54/modules/pending/discord_zstd-1.zip: 76%
2024-05-30T23:59:43.148Z [Modules] Streaming discord_zstd@1 to /home/meap/.config/discord/0.0.54/modules/pending/discord_zstd-1.zip: 80%
2024-05-30T23:59:43.149Z [Modules] Streaming discord_zstd@1 to /home/meap/.config/discord/0.0.54/modules/pending/discord_zstd-1.zip: 85%
2024-05-30T23:59:43.152Z [Modules] Streaming discord_zstd@1 to /home/meap/.config/discord/0.0.54/modules/pending/discord_zstd-1.zip: 90%
2024-05-30T23:59:43.153Z [Modules] Streaming discord_zstd@1 to /home/meap/.config/discord/0.0.54/modules/pending/discord_zstd-1.zip: 95%
2024-05-30T23:59:43.153Z [Modules] Streaming discord_zstd@1 to /home/meap/.config/discord/0.0.54/modules/pending/discord_zstd-1.zip: 100%
2024-05-30T23:59:43.154Z [Modules] Finished module downloads. [success: 6] [failure: 0]
2024-05-30T23:59:43.154Z [Modules] Installing updates...
2024-05-30T23:59:43.154Z [Modules] Installing discord_desktop_core@1 from /home/meap/.config/discord/0.0.54/modules/pending/discord_desktop_core-1.zip
2024-05-30T23:59:43.227Z [Modules] Installing discord_erlpack@1 from /home/meap/.config/discord/0.0.54/modules/pending/discord_erlpack-1.zip
2024-05-30T23:59:43.269Z [Modules] Installing discord_spellcheck@1 from /home/meap/.config/discord/0.0.54/modules/pending/discord_spellcheck-1.zip
2024-05-30T23:59:43.831Z [Modules] Installing discord_utils@1 from /home/meap/.config/discord/0.0.54/modules/pending/discord_utils-1.zip
2024-05-30T23:59:43.933Z [Modules] Installing discord_voice@3 from /home/meap/.config/discord/0.0.54/modules/pending/discord_voice-3.zip
2024-05-30T23:59:44.468Z [Modules] Installing discord_zstd@1 from /home/meap/.config/discord/0.0.54/modules/pending/discord_zstd-1.zip
2024-05-30T23:59:44.504Z [Modules] Finished module installations. [success: 6] [failure: 0]
2024-05-30T23:59:44.504Z [Modules] Checking for host updates.
2024-05-30T23:59:44.639Z [Modules] Host is up to date.
2024-05-30T23:59:44.639Z [Modules] Checking for module updates at https://discord.com/api/modules/stable/versions.json
2024-05-30T23:59:44.641Z [Modules] No module updates available.
2024-05-30T23:59:45.879Z [Modules] Starting to install discord_krisp...
2024-05-30T23:59:45.879Z [Modules] Fetching discord_krisp@2 from https://discord.com/api/modules/stable/discord_krisp/2
2024-05-30T23:59:45.879Z [Modules] Streaming discord_krisp@2 to /home/meap/.config/discord/0.0.54/modules/pending/discord_krisp-2.zip
2024-05-30T23:59:45.886Z [Modules] Starting to install discord_game_utils...
2024-05-30T23:59:46.107Z [Modules] Streaming discord_krisp@2 to /home/meap/.config/discord/0.0.54/modules/pending/discord_krisp-2.zip: 1%
2024-05-30T23:59:46.109Z [Modules] Streaming discord_krisp@2 to /home/meap/.config/discord/0.0.54/modules/pending/discord_krisp-2.zip: 2%
2024-05-30T23:59:46.115Z [Modules] Streaming discord_krisp@2 to /home/meap/.config/discord/0.0.54/modules/pending/discord_krisp-2.zip: 3%
2024-05-30T23:59:46.141Z [Modules] Streaming discord_krisp@2 to /home/meap/.config/discord/0.0.54/modules/pending/discord_krisp-2.zip: 4%
2024-05-30T23:59:46.143Z [Modules] Streaming discord_krisp@2 to /home/meap/.config/discord/0.0.54/modules/pending/discord_krisp-2.zip: 5%
2024-05-30T23:59:46.149Z [Modules] Streaming discord_krisp@2 to /home/meap/.config/discord/0.0.54/modules/pending/discord_krisp-2.zip: 6%
2024-05-30T23:59:46.153Z [Modules] Streaming discord_krisp@2 to /home/meap/.config/discord/0.0.54/modules/pending/discord_krisp-2.zip: 7%
2024-05-30T23:59:46.164Z [Modules] Streaming discord_krisp@2 to /home/meap/.config/discord/0.0.54/modules/pending/discord_krisp-2.zip: 8%
2024-05-30T23:59:46.169Z [Modules] Streaming discord_krisp@2 to /home/meap/.config/discord/0.0.54/modules/pending/discord_krisp-2.zip: 9%
2024-05-30T23:59:46.187Z [Modules] Streaming discord_krisp@2 to /home/meap/.config/discord/0.0.54/modules/pending/discord_krisp-2.zip: 10%
2024-05-30T23:59:46.191Z [Modules] Streaming discord_krisp@2 to /home/meap/.config/discord/0.0.54/modules/pending/discord_krisp-2.zip: 11%
2024-05-30T23:59:46.220Z [Modules] Streaming discord_krisp@2 to /home/meap/.config/discord/0.0.54/modules/pending/discord_krisp-2.zip: 12%
2024-05-30T23:59:46.228Z [Modules] Streaming discord_krisp@2 to /home/meap/.config/discord/0.0.54/modules/pending/discord_krisp-2.zip: 13%
2024-05-30T23:59:46.237Z [Modules] Streaming discord_krisp@2 to /home/meap/.config/discord/0.0.54/modules/pending/discord_krisp-2.zip: 14%
2024-05-30T23:59:46.238Z [Modules] Streaming discord_krisp@2 to /home/meap/.config/discord/0.0.54/modules/pending/discord_krisp-2.zip: 15%
2024-05-30T23:59:46.239Z [Modules] Streaming discord_krisp@2 to /home/meap/.config/discord/0.0.54/modules/pending/discord_krisp-2.zip: 16%
2024-05-30T23:59:46.251Z [Modules] Streaming discord_krisp@2 to /home/meap/.config/discord/0.0.54/modules/pending/discord_krisp-2.zip: 17%
2024-05-30T23:59:46.302Z [Modules] Streaming discord_krisp@2 to /home/meap/.config/discord/0.0.54/modules/pending/discord_krisp-2.zip: 18%
2024-05-30T23:59:46.302Z [Modules] Streaming discord_krisp@2 to /home/meap/.config/discord/0.0.54/modules/pending/discord_krisp-2.zip: 19%
2024-05-30T23:59:46.330Z [Modules] Streaming discord_krisp@2 to /home/meap/.config/discord/0.0.54/modules/pending/discord_krisp-2.zip: 20%
2024-05-30T23:59:46.335Z [Modules] Streaming discord_krisp@2 to /home/meap/.config/discord/0.0.54/modules/pending/discord_krisp-2.zip: 21%
2024-05-30T23:59:46.380Z [Modules] Streaming discord_krisp@2 to /home/meap/.config/discord/0.0.54/modules/pending/discord_krisp-2.zip: 22%
2024-05-30T23:59:46.390Z [Modules] Streaming discord_krisp@2 to /home/meap/.config/discord/0.0.54/modules/pending/discord_krisp-2.zip: 23%
2024-05-30T23:59:46.396Z [Modules] Streaming discord_krisp@2 to /home/meap/.config/discord/0.0.54/modules/pending/discord_krisp-2.zip: 24%
2024-05-30T23:59:46.402Z [Modules] Streaming discord_krisp@2 to /home/meap/.config/discord/0.0.54/modules/pending/discord_krisp-2.zip: 25%
2024-05-30T23:59:46.410Z [Modules] Streaming discord_krisp@2 to /home/meap/.config/discord/0.0.54/modules/pending/discord_krisp-2.zip: 26%
2024-05-30T23:59:46.414Z [Modules] Streaming discord_krisp@2 to /home/meap/.config/discord/0.0.54/modules/pending/discord_krisp-2.zip: 27%
2024-05-30T23:59:46.420Z [Modules] Streaming discord_krisp@2 to /home/meap/.config/discord/0.0.54/modules/pending/discord_krisp-2.zip: 28%
2024-05-30T23:59:46.425Z [Modules] Streaming discord_krisp@2 to /home/meap/.config/discord/0.0.54/modules/pending/discord_krisp-2.zip: 29%
2024-05-30T23:59:46.430Z [Modules] Streaming discord_krisp@2 to /home/meap/.config/discord/0.0.54/modules/pending/discord_krisp-2.zip: 30%
2024-05-30T23:59:46.434Z [Modules] Streaming discord_krisp@2 to /home/meap/.config/discord/0.0.54/modules/pending/discord_krisp-2.zip: 31%
2024-05-30T23:59:46.461Z [Modules] Streaming discord_krisp@2 to /home/meap/.config/discord/0.0.54/modules/pending/discord_krisp-2.zip: 32%
2024-05-30T23:59:46.466Z [Modules] Streaming discord_krisp@2 to /home/meap/.config/discord/0.0.54/modules/pending/discord_krisp-2.zip: 33%
2024-05-30T23:59:46.482Z [Modules] Streaming discord_krisp@2 to /home/meap/.config/discord/0.0.54/modules/pending/discord_krisp-2.zip: 34%
2024-05-30T23:59:46.492Z [Modules] Streaming discord_krisp@2 to /home/meap/.config/discord/0.0.54/modules/pending/discord_krisp-2.zip: 35%
2024-05-30T23:59:46.498Z [Modules] Streaming discord_krisp@2 to /home/meap/.config/discord/0.0.54/modules/pending/discord_krisp-2.zip: 36%
2024-05-30T23:59:46.507Z [Modules] Streaming discord_krisp@2 to /home/meap/.config/discord/0.0.54/modules/pending/discord_krisp-2.zip: 37%
2024-05-30T23:59:46.509Z [Modules] Checking for host updates.
2024-05-30T23:59:46.519Z [Modules] Streaming discord_krisp@2 to /home/meap/.config/discord/0.0.54/modules/pending/discord_krisp-2.zip: 38%
2024-05-30T23:59:46.525Z [Modules] Streaming discord_krisp@2 to /home/meap/.config/discord/0.0.54/modules/pending/discord_krisp-2.zip: 39%
2024-05-30T23:59:46.536Z [Modules] Streaming discord_krisp@2 to /home/meap/.config/discord/0.0.54/modules/pending/discord_krisp-2.zip: 40%
2024-05-30T23:59:46.544Z [Modules] Streaming discord_krisp@2 to /home/meap/.config/discord/0.0.54/modules/pending/discord_krisp-2.zip: 41%
2024-05-30T23:59:46.551Z [Modules] Streaming discord_krisp@2 to /home/meap/.config/discord/0.0.54/modules/pending/discord_krisp-2.zip: 42%
2024-05-30T23:59:46.561Z [Modules] Streaming discord_krisp@2 to /home/meap/.config/discord/0.0.54/modules/pending/discord_krisp-2.zip: 43%
2024-05-30T23:59:46.566Z [Modules] Streaming discord_krisp@2 to /home/meap/.config/discord/0.0.54/modules/pending/discord_krisp-2.zip: 44%
2024-05-30T23:59:46.583Z [Modules] Streaming discord_krisp@2 to /home/meap/.config/discord/0.0.54/modules/pending/discord_krisp-2.zip: 45%
2024-05-30T23:59:46.590Z [Modules] Streaming discord_krisp@2 to /home/meap/.config/discord/0.0.54/modules/pending/discord_krisp-2.zip: 46%
2024-05-30T23:59:46.594Z [Modules] Streaming discord_krisp@2 to /home/meap/.config/discord/0.0.54/modules/pending/discord_krisp-2.zip: 47%
2024-05-30T23:59:46.601Z [Modules] Streaming discord_krisp@2 to /home/meap/.config/discord/0.0.54/modules/pending/discord_krisp-2.zip: 48%
2024-05-30T23:59:46.610Z [Modules] Starting to install discord_rpc...
2024-05-30T23:59:46.622Z [Modules] Streaming discord_krisp@2 to /home/meap/.config/discord/0.0.54/modules/pending/discord_krisp-2.zip: 49%
2024-05-30T23:59:46.628Z [Modules] Streaming discord_krisp@2 to /home/meap/.config/discord/0.0.54/modules/pending/discord_krisp-2.zip: 50%
2024-05-30T23:59:46.634Z [Modules] Streaming discord_krisp@2 to /home/meap/.config/discord/0.0.54/modules/pending/discord_krisp-2.zip: 51%
2024-05-30T23:59:46.638Z [Modules] Streaming discord_krisp@2 to /home/meap/.config/discord/0.0.54/modules/pending/discord_krisp-2.zip: 52%
2024-05-30T23:59:46.642Z [Modules] Streaming discord_krisp@2 to /home/meap/.config/discord/0.0.54/modules/pending/discord_krisp-2.zip: 53%
2024-05-30T23:59:46.659Z [Modules] Streaming discord_krisp@2 to /home/meap/.config/discord/0.0.54/modules/pending/discord_krisp-2.zip: 54%
2024-05-30T23:59:46.663Z [Modules] Streaming discord_krisp@2 to /home/meap/.config/discord/0.0.54/modules/pending/discord_krisp-2.zip: 55%
2024-05-30T23:59:46.671Z [Modules] Streaming discord_krisp@2 to /home/meap/.config/discord/0.0.54/modules/pending/discord_krisp-2.zip: 56%
2024-05-30T23:59:46.677Z [Modules] Streaming discord_krisp@2 to /home/meap/.config/discord/0.0.54/modules/pending/discord_krisp-2.zip: 57%
2024-05-30T23:59:46.692Z [Modules] Host is up to date.
2024-05-30T23:59:46.692Z [Modules] Checking for module updates at https://discord.com/api/modules/stable/versions.json
2024-05-30T23:59:46.696Z [Modules] No module updates available.
2024-05-30T23:59:46.696Z [Modules] Streaming discord_krisp@2 to /home/meap/.config/discord/0.0.54/modules/pending/discord_krisp-2.zip: 58%
2024-05-30T23:59:46.702Z [Modules] Streaming discord_krisp@2 to /home/meap/.config/discord/0.0.54/modules/pending/discord_krisp-2.zip: 59%
2024-05-30T23:59:46.709Z [Modules] Streaming discord_krisp@2 to /home/meap/.config/discord/0.0.54/modules/pending/discord_krisp-2.zip: 60%
2024-05-30T23:59:46.717Z [Modules] Streaming discord_krisp@2 to /home/meap/.config/discord/0.0.54/modules/pending/discord_krisp-2.zip: 61%
2024-05-30T23:59:46.736Z [Modules] Streaming discord_krisp@2 to /home/meap/.config/discord/0.0.54/modules/pending/discord_krisp-2.zip: 62%
2024-05-30T23:59:46.742Z [Modules] Streaming discord_krisp@2 to /home/meap/.config/discord/0.0.54/modules/pending/discord_krisp-2.zip: 63%
2024-05-30T23:59:46.764Z [Modules] Streaming discord_krisp@2 to /home/meap/.config/discord/0.0.54/modules/pending/discord_krisp-2.zip: 64%
2024-05-30T23:59:46.764Z [Modules] Streaming discord_krisp@2 to /home/meap/.config/discord/0.0.54/modules/pending/discord_krisp-2.zip: 65%
2024-05-30T23:59:46.770Z [Modules] Streaming discord_krisp@2 to /home/meap/.config/discord/0.0.54/modules/pending/discord_krisp-2.zip: 66%
2024-05-30T23:59:46.774Z [Modules] Streaming discord_krisp@2 to /home/meap/.config/discord/0.0.54/modules/pending/discord_krisp-2.zip: 67%
2024-05-30T23:59:46.781Z [Modules] Streaming discord_krisp@2 to /home/meap/.config/discord/0.0.54/modules/pending/discord_krisp-2.zip: 68%
2024-05-30T23:59:46.785Z [Modules] Streaming discord_krisp@2 to /home/meap/.config/discord/0.0.54/modules/pending/discord_krisp-2.zip: 69%
2024-05-30T23:59:46.793Z [Modules] Streaming discord_krisp@2 to /home/meap/.config/discord/0.0.54/modules/pending/discord_krisp-2.zip: 70%
2024-05-30T23:59:46.795Z [Modules] Streaming discord_krisp@2 to /home/meap/.config/discord/0.0.54/modules/pending/discord_krisp-2.zip: 71%
2024-05-30T23:59:46.813Z [Modules] Streaming discord_krisp@2 to /home/meap/.config/discord/0.0.54/modules/pending/discord_krisp-2.zip: 72%
2024-05-30T23:59:46.823Z [Modules] Streaming discord_krisp@2 to /home/meap/.config/discord/0.0.54/modules/pending/discord_krisp-2.zip: 73%
2024-05-30T23:59:46.826Z [Modules] Streaming discord_krisp@2 to /home/meap/.config/discord/0.0.54/modules/pending/discord_krisp-2.zip: 74%
2024-05-30T23:59:46.847Z [Modules] Streaming discord_krisp@2 to /home/meap/.config/discord/0.0.54/modules/pending/discord_krisp-2.zip: 75%
2024-05-30T23:59:46.852Z [Modules] Streaming discord_krisp@2 to /home/meap/.config/discord/0.0.54/modules/pending/discord_krisp-2.zip: 76%
2024-05-30T23:59:46.865Z [Modules] Streaming discord_krisp@2 to /home/meap/.config/discord/0.0.54/modules/pending/discord_krisp-2.zip: 77%
2024-05-30T23:59:46.870Z [Modules] Streaming discord_krisp@2 to /home/meap/.config/discord/0.0.54/modules/pending/discord_krisp-2.zip: 78%
2024-05-30T23:59:46.873Z [Modules] Streaming discord_krisp@2 to /home/meap/.config/discord/0.0.54/modules/pending/discord_krisp-2.zip: 79%
2024-05-30T23:59:46.878Z [Modules] Streaming discord_krisp@2 to /home/meap/.config/discord/0.0.54/modules/pending/discord_krisp-2.zip: 80%
2024-05-30T23:59:46.886Z [Modules] Streaming discord_krisp@2 to /home/meap/.config/discord/0.0.54/modules/pending/discord_krisp-2.zip: 81%
2024-05-30T23:59:46.888Z [Modules] Streaming discord_krisp@2 to /home/meap/.config/discord/0.0.54/modules/pending/discord_krisp-2.zip: 82%
2024-05-30T23:59:46.894Z [Modules] Streaming discord_krisp@2 to /home/meap/.config/discord/0.0.54/modules/pending/discord_krisp-2.zip: 83%
2024-05-30T23:59:46.908Z [Modules] Streaming discord_krisp@2 to /home/meap/.config/discord/0.0.54/modules/pending/discord_krisp-2.zip: 84%
2024-05-30T23:59:46.916Z [Modules] Streaming discord_krisp@2 to /home/meap/.config/discord/0.0.54/modules/pending/discord_krisp-2.zip: 85%
2024-05-30T23:59:46.935Z [Modules] Streaming discord_krisp@2 to /home/meap/.config/discord/0.0.54/modules/pending/discord_krisp-2.zip: 86%
2024-05-30T23:59:46.945Z [Modules] Streaming discord_krisp@2 to /home/meap/.config/discord/0.0.54/modules/pending/discord_krisp-2.zip: 87%
2024-05-30T23:59:46.958Z [Modules] Streaming discord_krisp@2 to /home/meap/.config/discord/0.0.54/modules/pending/discord_krisp-2.zip: 88%
2024-05-30T23:59:46.965Z [Modules] Streaming discord_krisp@2 to /home/meap/.config/discord/0.0.54/modules/pending/discord_krisp-2.zip: 89%
2024-05-30T23:59:46.969Z [Modules] Streaming discord_krisp@2 to /home/meap/.config/discord/0.0.54/modules/pending/discord_krisp-2.zip: 90%
2024-05-30T23:59:46.978Z [Modules] Streaming discord_krisp@2 to /home/meap/.config/discord/0.0.54/modules/pending/discord_krisp-2.zip: 91%
2024-05-30T23:59:46.984Z [Modules] Streaming discord_krisp@2 to /home/meap/.config/discord/0.0.54/modules/pending/discord_krisp-2.zip: 92%
2024-05-30T23:59:46.987Z [Modules] Streaming discord_krisp@2 to /home/meap/.config/discord/0.0.54/modules/pending/discord_krisp-2.zip: 93%
2024-05-30T23:59:46.993Z [Modules] Streaming discord_krisp@2 to /home/meap/.config/discord/0.0.54/modules/pending/discord_krisp-2.zip: 94%
2024-05-30T23:59:47.002Z [Modules] Streaming discord_krisp@2 to /home/meap/.config/discord/0.0.54/modules/pending/discord_krisp-2.zip: 95%
2024-05-30T23:59:47.014Z [Modules] Streaming discord_krisp@2 to /home/meap/.config/discord/0.0.54/modules/pending/discord_krisp-2.zip: 96%
2024-05-30T23:59:47.016Z [Modules] Streaming discord_krisp@2 to /home/meap/.config/discord/0.0.54/modules/pending/discord_krisp-2.zip: 97%
2024-05-30T23:59:47.026Z [Modules] Streaming discord_krisp@2 to /home/meap/.config/discord/0.0.54/modules/pending/discord_krisp-2.zip: 98%
2024-05-30T23:59:47.031Z [Modules] Streaming discord_krisp@2 to /home/meap/.config/discord/0.0.54/modules/pending/discord_krisp-2.zip: 99%
2024-05-30T23:59:47.039Z [Modules] Streaming discord_krisp@2 to /home/meap/.config/discord/0.0.54/modules/pending/discord_krisp-2.zip: 100%
2024-05-30T23:59:47.040Z [Modules] Fetching discord_game_utils@1 from https://discord.com/api/modules/stable/discord_game_utils/1
2024-05-30T23:59:47.041Z [Modules] Streaming discord_game_utils@1 to /home/meap/.config/discord/0.0.54/modules/pending/discord_game_utils-1.zip
2024-05-30T23:59:47.041Z [Modules] Installing discord_krisp@2 from /home/meap/.config/discord/0.0.54/modules/pending/discord_krisp-2.zip
2024-05-30T23:59:47.200Z [Modules] Streaming discord_game_utils@1 to /home/meap/.config/discord/0.0.54/modules/pending/discord_game_utils-1.zip: 1%
2024-05-30T23:59:47.202Z [Modules] Streaming discord_game_utils@1 to /home/meap/.config/discord/0.0.54/modules/pending/discord_game_utils-1.zip: 3%
2024-05-30T23:59:47.207Z [Modules] Streaming discord_game_utils@1 to /home/meap/.config/discord/0.0.54/modules/pending/discord_game_utils-1.zip: 6%
2024-05-30T23:59:47.207Z [Modules] Streaming discord_game_utils@1 to /home/meap/.config/discord/0.0.54/modules/pending/discord_game_utils-1.zip: 8%
2024-05-30T23:59:47.207Z [Modules] Streaming discord_game_utils@1 to /home/meap/.config/discord/0.0.54/modules/pending/discord_game_utils-1.zip: 11%
2024-05-30T23:59:47.208Z [Modules] Streaming discord_game_utils@1 to /home/meap/.config/discord/0.0.54/modules/pending/discord_game_utils-1.zip: 14%
2024-05-30T23:59:47.208Z [Modules] Streaming discord_game_utils@1 to /home/meap/.config/discord/0.0.54/modules/pending/discord_game_utils-1.zip: 16%
2024-05-30T23:59:47.220Z [Modules] Streaming discord_game_utils@1 to /home/meap/.config/discord/0.0.54/modules/pending/discord_game_utils-1.zip: 19%
2024-05-30T23:59:47.224Z [Modules] Streaming discord_game_utils@1 to /home/meap/.config/discord/0.0.54/modules/pending/discord_game_utils-1.zip: 21%
2024-05-30T23:59:47.224Z [Modules] Streaming discord_game_utils@1 to /home/meap/.config/discord/0.0.54/modules/pending/discord_game_utils-1.zip: 24%
2024-05-30T23:59:47.224Z [Modules] Streaming discord_game_utils@1 to /home/meap/.config/discord/0.0.54/modules/pending/discord_game_utils-1.zip: 26%
2024-05-30T23:59:47.225Z [Modules] Streaming discord_game_utils@1 to /home/meap/.config/discord/0.0.54/modules/pending/discord_game_utils-1.zip: 29%
2024-05-30T23:59:47.225Z [Modules] Streaming discord_game_utils@1 to /home/meap/.config/discord/0.0.54/modules/pending/discord_game_utils-1.zip: 32%
2024-05-30T23:59:47.226Z [Modules] Streaming discord_game_utils@1 to /home/meap/.config/discord/0.0.54/modules/pending/discord_game_utils-1.zip: 34%
2024-05-30T23:59:47.227Z [Modules] Streaming discord_game_utils@1 to /home/meap/.config/discord/0.0.54/modules/pending/discord_game_utils-1.zip: 35%
2024-05-30T23:59:47.227Z [Modules] Streaming discord_game_utils@1 to /home/meap/.config/discord/0.0.54/modules/pending/discord_game_utils-1.zip: 36%
2024-05-30T23:59:47.229Z [Modules] Streaming discord_game_utils@1 to /home/meap/.config/discord/0.0.54/modules/pending/discord_game_utils-1.zip: 37%
2024-05-30T23:59:47.230Z [Modules] Streaming discord_game_utils@1 to /home/meap/.config/discord/0.0.54/modules/pending/discord_game_utils-1.zip: 40%
2024-05-30T23:59:47.231Z [Modules] Streaming discord_game_utils@1 to /home/meap/.config/discord/0.0.54/modules/pending/discord_game_utils-1.zip: 43%
2024-05-30T23:59:47.232Z [Modules] Streaming discord_game_utils@1 to /home/meap/.config/discord/0.0.54/modules/pending/discord_game_utils-1.zip: 45%
2024-05-30T23:59:47.233Z [Modules] Streaming discord_game_utils@1 to /home/meap/.config/discord/0.0.54/modules/pending/discord_game_utils-1.zip: 48%
2024-05-30T23:59:47.234Z [Modules] Streaming discord_game_utils@1 to /home/meap/.config/discord/0.0.54/modules/pending/discord_game_utils-1.zip: 50%
2024-05-30T23:59:47.235Z [Modules] Streaming discord_game_utils@1 to /home/meap/.config/discord/0.0.54/modules/pending/discord_game_utils-1.zip: 53%
2024-05-30T23:59:47.237Z [Modules] Streaming discord_game_utils@1 to /home/meap/.config/discord/0.0.54/modules/pending/discord_game_utils-1.zip: 55%
2024-05-30T23:59:47.237Z [Modules] Streaming discord_game_utils@1 to /home/meap/.config/discord/0.0.54/modules/pending/discord_game_utils-1.zip: 58%
2024-05-30T23:59:47.239Z [Modules] Streaming discord_game_utils@1 to /home/meap/.config/discord/0.0.54/modules/pending/discord_game_utils-1.zip: 59%
2024-05-30T23:59:47.245Z [Modules] Streaming discord_game_utils@1 to /home/meap/.config/discord/0.0.54/modules/pending/discord_game_utils-1.zip: 61%
2024-05-30T23:59:47.246Z [Modules] Streaming discord_game_utils@1 to /home/meap/.config/discord/0.0.54/modules/pending/discord_game_utils-1.zip: 64%
2024-05-30T23:59:47.248Z [Modules] Streaming discord_game_utils@1 to /home/meap/.config/discord/0.0.54/modules/pending/discord_game_utils-1.zip: 66%
2024-05-30T23:59:47.252Z [Modules] Streaming discord_game_utils@1 to /home/meap/.config/discord/0.0.54/modules/pending/discord_game_utils-1.zip: 68%
2024-05-30T23:59:47.252Z [Modules] Streaming discord_game_utils@1 to /home/meap/.config/discord/0.0.54/modules/pending/discord_game_utils-1.zip: 69%
2024-05-30T23:59:47.252Z [Modules] Streaming discord_game_utils@1 to /home/meap/.config/discord/0.0.54/modules/pending/discord_game_utils-1.zip: 70%
2024-05-30T23:59:47.252Z [Modules] Streaming discord_game_utils@1 to /home/meap/.config/discord/0.0.54/modules/pending/discord_game_utils-1.zip: 71%
2024-05-30T23:59:47.253Z [Modules] Streaming discord_game_utils@1 to /home/meap/.config/discord/0.0.54/modules/pending/discord_game_utils-1.zip: 73%
2024-05-30T23:59:47.254Z [Modules] Streaming discord_game_utils@1 to /home/meap/.config/discord/0.0.54/modules/pending/discord_game_utils-1.zip: 76%
2024-05-30T23:59:47.255Z [Modules] Streaming discord_game_utils@1 to /home/meap/.config/discord/0.0.54/modules/pending/discord_game_utils-1.zip: 79%
2024-05-30T23:59:47.257Z [Modules] Streaming discord_game_utils@1 to /home/meap/.config/discord/0.0.54/modules/pending/discord_game_utils-1.zip: 80%
2024-05-30T23:59:47.263Z [Modules] Streaming discord_game_utils@1 to /home/meap/.config/discord/0.0.54/modules/pending/discord_game_utils-1.zip: 82%
2024-05-30T23:59:47.264Z [Modules] Streaming discord_game_utils@1 to /home/meap/.config/discord/0.0.54/modules/pending/discord_game_utils-1.zip: 85%
2024-05-30T23:59:47.266Z [Modules] Streaming discord_game_utils@1 to /home/meap/.config/discord/0.0.54/modules/pending/discord_game_utils-1.zip: 87%
2024-05-30T23:59:47.281Z [Modules] Streaming discord_game_utils@1 to /home/meap/.config/discord/0.0.54/modules/pending/discord_game_utils-1.zip: 89%
2024-05-30T23:59:47.286Z [Modules] Streaming discord_game_utils@1 to /home/meap/.config/discord/0.0.54/modules/pending/discord_game_utils-1.zip: 95%
2024-05-30T23:59:47.286Z [Modules] Streaming discord_game_utils@1 to /home/meap/.config/discord/0.0.54/modules/pending/discord_game_utils-1.zip: 97%
2024-05-30T23:59:47.286Z [Modules] Streaming discord_game_utils@1 to /home/meap/.config/discord/0.0.54/modules/pending/discord_game_utils-1.zip: 99%
2024-05-30T23:59:47.287Z [Modules] Streaming discord_game_utils@1 to /home/meap/.config/discord/0.0.54/modules/pending/discord_game_utils-1.zip: 100%
2024-05-30T23:59:47.288Z [Modules] Fetching discord_rpc@1 from https://discord.com/api/modules/stable/discord_rpc/1
2024-05-30T23:59:47.288Z [Modules] Streaming discord_rpc@1 to /home/meap/.config/discord/0.0.54/modules/pending/discord_rpc-1.zip
2024-05-30T23:59:47.412Z [Modules] Installing discord_game_utils@1 from /home/meap/.config/discord/0.0.54/modules/pending/discord_game_utils-1.zip
2024-05-30T23:59:47.460Z [Modules] Streaming discord_rpc@1 to /home/meap/.config/discord/0.0.54/modules/pending/discord_rpc-1.zip: 100%
2024-05-30T23:59:47.461Z [Modules] Finished module downloads. [success: 3] [failure: 0]
2024-05-30T23:59:47.474Z [Modules] Installing discord_rpc@1 from /home/meap/.config/discord/0.0.54/modules/pending/discord_rpc-1.zip
2024-05-30T23:59:47.489Z [Modules] Finished module installations. [success: 3] [failure: 0]
2024-05-31T00:59:46.514Z [Modules] Checking for host updates.
2024-05-31T00:59:46.700Z [Modules] Host is up to date.
2024-05-31T00:59:46.700Z [Modules] Checking for module updates at https://discord.com/api/modules/stable/versions.json
2024-05-31T00:59:46.743Z [Modules] No module updates available.
2024-05-31T08:06:17.996Z [Modules] Checking for host updates.
2024-05-31T08:06:18.136Z [Modules] Host is up to date.
2024-05-31T08:06:18.136Z [Modules] Checking for module updates at https://discord.com/api/modules/stable/versions.json
2024-05-31T08:06:18.168Z [Modules] No module updates available.
2024-05-31T09:06:17.995Z [Modules] Checking for host updates.
2024-05-31T09:06:18.157Z [Modules] Host is up to date.
2024-05-31T09:06:18.157Z [Modules] Checking for module updates at https://discord.com/api/modules/stable/versions.json
2024-05-31T09:06:18.189Z [Modules] No module updates available.
2024-05-31T09:11:04.578Z [Modules] Modules initializing
2024-05-31T09:11:04.578Z [Modules] Distribution: remote
2024-05-31T09:11:04.578Z [Modules] Host updates: enabled
2024-05-31T09:11:04.578Z [Modules] Module updates: enabled
2024-05-31T09:11:04.578Z [Modules] Module install path: /home/meap/.config/discord/0.0.54/modules
2024-05-31T09:11:04.578Z [Modules] Module installed file path: /home/meap/.config/discord/0.0.54/modules/installed.json
2024-05-31T09:11:04.578Z [Modules] Module download path: /home/meap/.config/discord/0.0.54/modules/pending
2024-05-31T09:11:04.970Z [Modules] No updates to install
2024-05-31T09:11:04.971Z [Modules] Checking for host updates.
2024-05-31T09:11:05.191Z [Modules] Host is up to date.
2024-05-31T09:11:05.191Z [Modules] Checking for module updates at https://discord.com/api/modules/stable/versions.json
2024-05-31T09:11:05.226Z [Modules] No module updates available.
2024-05-31T09:11:07.490Z [Modules] Checking for host updates.
2024-05-31T09:11:07.609Z [Modules] Host is up to date.
2024-05-31T09:11:07.609Z [Modules] Checking for module updates at https://discord.com/api/modules/stable/versions.json
2024-05-31T09:11:07.611Z [Modules] No module updates available.
2024-05-31T10:11:07.492Z [Modules] Checking for host updates.
2024-05-31T10:11:07.644Z [Modules] Host is up to date.
2024-05-31T10:11:07.644Z [Modules] Checking for module updates at https://discord.com/api/modules/stable/versions.json
2024-05-31T10:11:07.688Z [Modules] No module updates available.
2024-05-31T11:11:07.492Z [Modules] Checking for host updates.
2024-05-31T11:11:07.647Z [Modules] Host is up to date.
2024-05-31T11:11:07.647Z [Modules] Checking for module updates at https://discord.com/api/modules/stable/versions.json
2024-05-31T11:11:07.684Z [Modules] No module updates available.
2024-05-31T12:11:07.495Z [Modules] Checking for host updates.
2024-05-31T12:11:07.636Z [Modules] Host is up to date.
2024-05-31T12:11:07.636Z [Modules] Checking for module updates at https://discord.com/api/modules/stable/versions.json
2024-05-31T12:11:07.685Z [Modules] No module updates available.
