2024-05-30T23:59:39.604Z 0: 

----------------------------------------------
2024-05-30T23:59:39.619Z 1: Discord starting: {"releaseChannel":"stable","version":"0.0.54"}, modulepath: /home/meap/.config/discord/0.0.54/modules
2024-05-30T23:59:39.635Z 2: ✅ webContents.created web1 "index.html"
2024-05-30T23:59:39.650Z 3: ✅ window.created win1 "discord"
2024-05-30T23:59:39.820Z 4: ✅ webContents.did-finish-load web1
2024-05-30T23:59:44.698Z 5: ✅ webContents.created web2 ""
2024-05-30T23:59:44.711Z 6: ✅ window.created win2 "Discord"
2024-05-30T23:59:46.093Z 7: ✅ webContents.did-finish-load web2
2024-05-30T23:59:46.192Z 8: window.close win1
2024-05-30T23:59:46.220Z 9: webContents.destroyed web1
2024-05-30T23:59:46.228Z 10: window.closed win1
2024-05-31T09:11:04.609Z 0: 

----------------------------------------------
2024-05-31T09:11:04.632Z 1: Discord starting: {"releaseChannel":"stable","version":"0.0.54"}, modulepath: /home/meap/.config/discord/0.0.54/modules
2024-05-31T09:11:04.644Z 2: ✅ webContents.created web1 ""
2024-05-31T09:11:04.660Z 3: ✅ window.created win1 "discord"
2024-05-31T09:11:05.041Z 4: ✅ webContents.did-finish-load web1
2024-05-31T09:11:05.287Z 5: ✅ webContents.created web2 ""
2024-05-31T09:11:05.300Z 6: ✅ window.created win2 "Discord"
2024-05-31T09:11:07.191Z 7: ✅ webContents.did-finish-load web2
2024-05-31T09:11:07.291Z 8: window.close win1
2024-05-31T09:11:07.324Z 9: webContents.destroyed web1
2024-05-31T09:11:07.332Z 10: window.closed win1
